2025-06-05 20:21:39,758 INFO o.a.j.u.JMeterUtils: Setting Locale to en_US
2025-06-05 20:21:39,784 INFO o.a.j.JMeter: Loading user properties from: /root/.bzt/jmeter-taurus/5.5/bin/user.properties
2025-06-05 20:21:39,785 INFO o.a.j.JMeter: Loading system properties from: /root/.bzt/jmeter-taurus/5.5/bin/system.properties
2025-06-05 20:21:39,786 INFO o.a.j.JMeter: Loading additional properties from: /bzt/results/jmeter-bzt-3.properties
2025-06-05 20:21:39,795 INFO o.a.j.JMeter: Copyright (c) 1998-2022 The Apache Software Foundation
2025-06-05 20:21:39,795 INFO o.a.j.JMeter: Version 5.5
2025-06-05 20:21:39,795 INFO o.a.j.JMeter: java.version=11.0.27
2025-06-05 20:21:39,795 INFO o.a.j.JMeter: java.vm.name=OpenJDK 64-Bit Server VM
2025-06-05 20:21:39,795 INFO o.a.j.JMeter: os.name=Linux
2025-06-05 20:21:39,795 INFO o.a.j.JMeter: os.arch=amd64
2025-06-05 20:21:39,795 INFO o.a.j.JMeter: os.version=6.10.14-linuxkit
2025-06-05 20:21:39,795 INFO o.a.j.JMeter: file.encoding=UTF-8
2025-06-05 20:21:39,796 INFO o.a.j.JMeter: java.awt.headless=true
2025-06-05 20:21:39,796 INFO o.a.j.JMeter: Max memory     =2082471936
2025-06-05 20:21:39,796 INFO o.a.j.JMeter: Available Processors =8
2025-06-05 20:21:39,801 INFO o.a.j.JMeter: Default Locale=English (United States)
2025-06-05 20:21:39,801 INFO o.a.j.JMeter: JMeter  Locale=English (United States)
2025-06-05 20:21:39,801 INFO o.a.j.JMeter: JMeterHome=/root/.bzt/jmeter-taurus/5.5
2025-06-05 20:21:39,802 INFO o.a.j.JMeter: user.dir  =/bzt
2025-06-05 20:21:39,802 INFO o.a.j.JMeter: PWD       =/bzt
2025-06-05 20:21:39,803 INFO o.a.j.JMeter: IP: 172.19.0.3 Name: f88d4c1c97a7 FullName: f88d4c1c97a7
2025-06-05 20:21:39,803 INFO o.a.j.JMeter: user.classpath=/bzt/results:/bzt
2025-06-05 20:21:39,803 INFO o.a.j.JMeter: Adding to classpath and loader: /bzt/results
2025-06-05 20:21:39,806 INFO o.a.j.JMeter: Adding to classpath and loader: /bzt
2025-06-05 20:21:39,820 INFO o.a.j.s.FileServer: Default base='/bzt'
2025-06-05 20:21:39,821 INFO o.a.j.s.FileServer: Set new base='/bzt'
2025-06-05 20:21:40,122 INFO o.a.j.s.SaveService: Testplan (JMX) version: 2.2. Testlog (JTL) version: 2.2
2025-06-05 20:21:40,300 INFO o.a.j.s.SaveService: Using SaveService properties version 5.0
2025-06-05 20:21:40,305 INFO o.a.j.s.SaveService: Using SaveService properties file encoding UTF-8
2025-06-05 20:21:40,309 INFO o.a.j.s.SaveService: Loading file: /bzt/modified_test-plan-5.jmx
2025-06-05 20:21:40,391 INFO o.a.j.p.h.s.HTTPSamplerBase: Parser for text/html is org.apache.jmeter.protocol.http.parser.LagartoBasedHtmlParser
2025-06-05 20:21:40,391 INFO o.a.j.p.h.s.HTTPSamplerBase: Parser for application/xhtml+xml is org.apache.jmeter.protocol.http.parser.LagartoBasedHtmlParser
2025-06-05 20:21:40,391 INFO o.a.j.p.h.s.HTTPSamplerBase: Parser for application/xml is org.apache.jmeter.protocol.http.parser.LagartoBasedHtmlParser
2025-06-05 20:21:40,391 INFO o.a.j.p.h.s.HTTPSamplerBase: Parser for text/xml is org.apache.jmeter.protocol.http.parser.LagartoBasedHtmlParser
2025-06-05 20:21:40,392 INFO o.a.j.p.h.s.HTTPSamplerBase: Parser for text/vnd.wap.wml is org.apache.jmeter.protocol.http.parser.RegexpHTMLParser
2025-06-05 20:21:40,392 INFO o.a.j.p.h.s.HTTPSamplerBase: Parser for text/css is org.apache.jmeter.protocol.http.parser.CssParser
2025-06-05 20:21:40,431 INFO o.a.j.e.StandardJMeterEngine: Running the test!
2025-06-05 20:21:40,439 INFO o.a.j.s.SampleEvent: List of sample_variables: []
2025-06-05 20:21:40,439 INFO o.a.j.s.SampleEvent: List of sample_variables: []
2025-06-05 20:21:40,453 INFO o.a.j.e.u.CompoundVariable: Note: Function class names must contain the string: '.functions.'
2025-06-05 20:21:40,453 INFO o.a.j.e.u.CompoundVariable: Note: Function class names must not contain the string: '.gui.'
2025-06-05 20:21:40,922 INFO o.a.j.JMeter: Running test (1749154900922)
2025-06-05 20:21:41,032 INFO o.a.j.e.StandardJMeterEngine: Starting ThreadGroup: 1 : Thread Group
2025-06-05 20:21:41,033 INFO o.a.j.e.StandardJMeterEngine: Starting 50 threads for group Thread Group.
2025-06-05 20:21:41,034 INFO o.a.j.e.StandardJMeterEngine: Thread will continue on error
2025-06-05 20:21:41,034 INFO o.a.j.t.ThreadGroup: Starting thread group... number=1 threads=50 ramp-up=30 delayedStart=false
2025-06-05 20:21:41,062 INFO o.a.j.t.JMeterThread: Thread started: Thread Group 1-1
2025-06-05 20:21:41,128 INFO o.a.j.t.ThreadGroup: Started thread group number 1
2025-06-05 20:21:41,128 INFO o.a.j.e.StandardJMeterEngine: All thread groups have been started
2025-06-05 20:21:41,130 INFO o.a.j.p.h.s.HTTPHCAbstractImpl: Local host = f88d4c1c97a7
2025-06-05 20:21:41,138 INFO o.a.j.p.h.s.HTTPHC4Impl: HTTP request retry count = 0
2025-06-05 20:21:41,139 INFO o.a.j.s.SampleResult: Note: Sample TimeStamps are START times
2025-06-05 20:21:41,139 INFO o.a.j.s.SampleResult: sampleresult.default.encoding is set to UTF-8
2025-06-05 20:21:41,140 INFO o.a.j.s.SampleResult: sampleresult.useNanoTime=true
2025-06-05 20:21:41,140 INFO o.a.j.s.SampleResult: sampleresult.nanoThreadSleep=5000
2025-06-05 20:21:41,645 INFO o.a.j.t.JMeterThread: Thread started: Thread Group 1-2
2025-06-05 20:21:42,242 INFO o.a.j.t.JMeterThread: Thread started: Thread Group 1-3
2025-06-05 20:21:42,843 INFO o.a.j.t.JMeterThread: Thread started: Thread Group 1-4
2025-06-05 20:21:43,440 INFO o.a.j.t.JMeterThread: Thread started: Thread Group 1-5
2025-06-05 20:21:44,041 INFO o.a.j.t.JMeterThread: Thread started: Thread Group 1-6
2025-06-05 20:21:44,640 INFO o.a.j.t.JMeterThread: Thread started: Thread Group 1-7
2025-06-05 20:21:45,244 INFO o.a.j.t.JMeterThread: Thread started: Thread Group 1-8
2025-06-05 20:21:45,846 INFO o.a.j.t.JMeterThread: Thread started: Thread Group 1-9
2025-06-05 20:21:46,446 INFO o.a.j.t.JMeterThread: Thread started: Thread Group 1-10
2025-06-05 20:21:47,053 INFO o.a.j.t.JMeterThread: Thread started: Thread Group 1-11
2025-06-05 20:21:47,646 INFO o.a.j.t.JMeterThread: Thread started: Thread Group 1-12
2025-06-05 20:21:48,246 INFO o.a.j.t.JMeterThread: Thread started: Thread Group 1-13
2025-06-05 20:21:48,848 INFO o.a.j.t.JMeterThread: Thread started: Thread Group 1-14
2025-06-05 20:21:49,441 INFO o.a.j.t.JMeterThread: Thread started: Thread Group 1-15
2025-06-05 20:21:50,038 INFO o.a.j.t.JMeterThread: Thread started: Thread Group 1-16
2025-06-05 20:21:50,644 INFO o.a.j.t.JMeterThread: Thread started: Thread Group 1-17
2025-06-05 20:21:51,244 INFO o.a.j.t.JMeterThread: Thread started: Thread Group 1-18
2025-06-05 20:21:51,836 INFO o.a.j.t.JMeterThread: Thread started: Thread Group 1-19
2025-06-05 20:21:52,449 INFO o.a.j.t.JMeterThread: Thread started: Thread Group 1-20
2025-06-05 20:21:53,059 INFO o.a.j.t.JMeterThread: Thread started: Thread Group 1-21
2025-06-05 20:21:53,644 INFO o.a.j.t.JMeterThread: Thread started: Thread Group 1-22
2025-06-05 20:21:54,258 INFO o.a.j.t.JMeterThread: Thread started: Thread Group 1-23
2025-06-05 20:21:54,848 INFO o.a.j.t.JMeterThread: Thread started: Thread Group 1-24
2025-06-05 20:21:55,438 INFO o.a.j.t.JMeterThread: Thread started: Thread Group 1-25
2025-06-05 20:21:56,043 INFO o.a.j.t.JMeterThread: Thread started: Thread Group 1-26
2025-06-05 20:21:56,641 INFO o.a.j.t.JMeterThread: Thread started: Thread Group 1-27
2025-06-05 20:21:57,247 INFO o.a.j.t.JMeterThread: Thread started: Thread Group 1-28
2025-06-05 20:21:57,850 INFO o.a.j.t.JMeterThread: Thread started: Thread Group 1-29
2025-06-05 20:21:58,466 INFO o.a.j.t.JMeterThread: Thread started: Thread Group 1-30
2025-06-05 20:21:59,054 INFO o.a.j.t.JMeterThread: Thread started: Thread Group 1-31
2025-06-05 20:21:59,652 INFO o.a.j.t.JMeterThread: Thread started: Thread Group 1-32
2025-06-05 20:22:00,260 INFO o.a.j.t.JMeterThread: Thread started: Thread Group 1-33
2025-06-05 20:22:00,872 INFO o.a.j.t.JMeterThread: Thread started: Thread Group 1-34
2025-06-05 20:22:01,452 INFO o.a.j.t.JMeterThread: Thread started: Thread Group 1-35
2025-06-05 20:22:02,055 INFO o.a.j.t.JMeterThread: Thread started: Thread Group 1-36
2025-06-05 20:22:02,645 INFO o.a.j.t.JMeterThread: Thread started: Thread Group 1-37
2025-06-05 20:22:03,334 INFO o.a.j.t.JMeterThread: Thread started: Thread Group 1-38
2025-06-05 20:22:03,952 INFO o.a.j.t.JMeterThread: Thread started: Thread Group 1-39
2025-06-05 20:22:04,455 INFO o.a.j.t.JMeterThread: Thread started: Thread Group 1-40
2025-06-05 20:22:05,062 INFO o.a.j.t.JMeterThread: Thread started: Thread Group 1-41
2025-06-05 20:22:05,645 INFO o.a.j.t.JMeterThread: Thread started: Thread Group 1-42
2025-06-05 20:22:06,246 INFO o.a.j.t.JMeterThread: Thread started: Thread Group 1-43
2025-06-05 20:22:06,938 INFO o.a.j.t.JMeterThread: Thread started: Thread Group 1-44
2025-06-05 20:22:07,809 INFO o.a.j.t.JMeterThread: Thread started: Thread Group 1-45
2025-06-05 20:22:08,158 INFO o.a.j.t.JMeterThread: Thread started: Thread Group 1-46
2025-06-05 20:22:08,659 INFO o.a.j.t.JMeterThread: Thread started: Thread Group 1-47
2025-06-05 20:22:09,258 INFO o.a.j.t.JMeterThread: Thread started: Thread Group 1-48
2025-06-05 20:22:09,865 INFO o.a.j.t.JMeterThread: Thread started: Thread Group 1-49
2025-06-05 20:22:10,457 INFO o.a.j.t.JMeterThread: Thread started: Thread Group 1-50
