2025-06-10 12:20:49,750 INFO o.a.j.u.JMeterUtils: Setting Locale to en_US
2025-06-10 12:20:49,776 INFO o.a.j.JMeter: Loading user properties from: /root/.bzt/jmeter-taurus/5.5/bin/user.properties
2025-06-10 12:20:49,777 INFO o.a.j.JMeter: Loading system properties from: /root/.bzt/jmeter-taurus/5.5/bin/system.properties
2025-06-10 12:20:49,777 INFO o.a.j.JMeter: Loading additional properties from: /bzt/results/jmeter-bzt-11.properties
2025-06-10 12:20:49,795 INFO o.a.j.JMeter: Copyright (c) 1998-2022 The Apache Software Foundation
2025-06-10 12:20:49,795 INFO o.a.j.JMeter: Version 5.5
2025-06-10 12:20:49,795 INFO o.a.j.JMeter: java.version=11.0.27
2025-06-10 12:20:49,796 INFO o.a.j.JMeter: java.vm.name=OpenJDK 64-Bit Server VM
2025-06-10 12:20:49,796 INFO o.a.j.JMeter: os.name=Linux
2025-06-10 12:20:49,796 INFO o.a.j.JMeter: os.arch=amd64
2025-06-10 12:20:49,796 INFO o.a.j.JMeter: os.version=6.10.14-linuxkit
2025-06-10 12:20:49,796 INFO o.a.j.JMeter: file.encoding=UTF-8
2025-06-10 12:20:49,796 INFO o.a.j.JMeter: java.awt.headless=true
2025-06-10 12:20:49,796 INFO o.a.j.JMeter: Max memory     =2082471936
2025-06-10 12:20:49,796 INFO o.a.j.JMeter: Available Processors =8
2025-06-10 12:20:49,802 INFO o.a.j.JMeter: Default Locale=English (United States)
2025-06-10 12:20:49,802 INFO o.a.j.JMeter: JMeter  Locale=English (United States)
2025-06-10 12:20:49,802 INFO o.a.j.JMeter: JMeterHome=/root/.bzt/jmeter-taurus/5.5
2025-06-10 12:20:49,802 INFO o.a.j.JMeter: user.dir  =/bzt
2025-06-10 12:20:49,802 INFO o.a.j.JMeter: PWD       =/bzt
2025-06-10 12:20:49,803 INFO o.a.j.JMeter: IP: 172.19.0.3 Name: f88d4c1c97a7 FullName: f88d4c1c97a7
2025-06-10 12:20:49,803 INFO o.a.j.JMeter: user.classpath=/bzt/results:/bzt
2025-06-10 12:20:49,803 INFO o.a.j.JMeter: Adding to classpath and loader: /bzt/results
2025-06-10 12:20:49,806 INFO o.a.j.JMeter: Adding to classpath and loader: /bzt
2025-06-10 12:20:49,820 INFO o.a.j.s.FileServer: Default base='/bzt'
2025-06-10 12:20:49,821 INFO o.a.j.s.FileServer: Set new base='/bzt'
2025-06-10 12:20:50,117 INFO o.a.j.s.SaveService: Testplan (JMX) version: 2.2. Testlog (JTL) version: 2.2
2025-06-10 12:20:50,304 INFO o.a.j.s.SaveService: Using SaveService properties version 5.0
2025-06-10 12:20:50,307 INFO o.a.j.s.SaveService: Using SaveService properties file encoding UTF-8
2025-06-10 12:20:50,309 INFO o.a.j.s.SaveService: Loading file: /bzt/modified_test-plan-3.jmx
2025-06-10 12:20:50,384 INFO o.a.j.p.h.s.HTTPSamplerBase: Parser for text/html is org.apache.jmeter.protocol.http.parser.LagartoBasedHtmlParser
2025-06-10 12:20:50,385 INFO o.a.j.p.h.s.HTTPSamplerBase: Parser for application/xhtml+xml is org.apache.jmeter.protocol.http.parser.LagartoBasedHtmlParser
2025-06-10 12:20:50,385 INFO o.a.j.p.h.s.HTTPSamplerBase: Parser for application/xml is org.apache.jmeter.protocol.http.parser.LagartoBasedHtmlParser
2025-06-10 12:20:50,385 INFO o.a.j.p.h.s.HTTPSamplerBase: Parser for text/xml is org.apache.jmeter.protocol.http.parser.LagartoBasedHtmlParser
2025-06-10 12:20:50,385 INFO o.a.j.p.h.s.HTTPSamplerBase: Parser for text/vnd.wap.wml is org.apache.jmeter.protocol.http.parser.RegexpHTMLParser
2025-06-10 12:20:50,385 INFO o.a.j.p.h.s.HTTPSamplerBase: Parser for text/css is org.apache.jmeter.protocol.http.parser.CssParser
2025-06-10 12:20:50,427 INFO o.a.j.e.StandardJMeterEngine: Running the test!
2025-06-10 12:20:50,438 INFO o.a.j.s.SampleEvent: List of sample_variables: []
2025-06-10 12:20:50,439 INFO o.a.j.s.SampleEvent: List of sample_variables: []
2025-06-10 12:20:50,459 INFO o.a.j.e.u.CompoundVariable: Note: Function class names must contain the string: '.functions.'
2025-06-10 12:20:50,459 INFO o.a.j.e.u.CompoundVariable: Note: Function class names must not contain the string: '.gui.'
2025-06-10 12:20:50,856 INFO o.a.j.JMeter: Running test (1749558050856)
2025-06-10 12:20:50,910 INFO o.a.j.e.StandardJMeterEngine: Starting ThreadGroup: 1 : Thread Group
2025-06-10 12:20:50,912 INFO o.a.j.e.StandardJMeterEngine: Starting 50 threads for group Thread Group.
2025-06-10 12:20:50,912 INFO o.a.j.e.StandardJMeterEngine: Thread will continue on error
2025-06-10 12:20:50,912 INFO o.a.j.t.ThreadGroup: Starting thread group... number=1 threads=50 ramp-up=30 delayedStart=false
2025-06-10 12:20:50,943 INFO o.a.j.t.JMeterThread: Thread started: Thread Group 1-1
2025-06-10 12:20:51,022 INFO o.a.j.t.ThreadGroup: Started thread group number 1
2025-06-10 12:20:51,022 INFO o.a.j.e.StandardJMeterEngine: All thread groups have been started
2025-06-10 12:20:51,023 INFO o.a.j.p.h.s.HTTPHCAbstractImpl: Local host = f88d4c1c97a7
2025-06-10 12:20:51,031 INFO o.a.j.p.h.s.HTTPHC4Impl: HTTP request retry count = 0
2025-06-10 12:20:51,032 INFO o.a.j.s.SampleResult: Note: Sample TimeStamps are START times
2025-06-10 12:20:51,032 INFO o.a.j.s.SampleResult: sampleresult.default.encoding is set to UTF-8
2025-06-10 12:20:51,032 INFO o.a.j.s.SampleResult: sampleresult.useNanoTime=true
2025-06-10 12:20:51,033 INFO o.a.j.s.SampleResult: sampleresult.nanoThreadSleep=5000
2025-06-10 12:20:51,537 INFO o.a.j.t.JMeterThread: Thread started: Thread Group 1-2
2025-06-10 12:20:52,120 INFO o.a.j.t.JMeterThread: Thread started: Thread Group 1-3
2025-06-10 12:20:52,731 INFO o.a.j.t.JMeterThread: Thread started: Thread Group 1-4
2025-06-10 12:20:53,323 INFO o.a.j.t.JMeterThread: Thread started: Thread Group 1-5
2025-06-10 12:20:53,927 INFO o.a.j.t.JMeterThread: Thread started: Thread Group 1-6
2025-06-10 12:20:54,523 INFO o.a.j.t.JMeterThread: Thread started: Thread Group 1-7
2025-06-10 12:20:55,122 INFO o.a.j.t.JMeterThread: Thread started: Thread Group 1-8
2025-06-10 12:20:55,780 INFO o.a.j.t.JMeterThread: Thread started: Thread Group 1-9
2025-06-10 12:20:56,327 INFO o.a.j.t.JMeterThread: Thread started: Thread Group 1-10
2025-06-10 12:20:56,947 INFO o.a.j.t.JMeterThread: Thread started: Thread Group 1-11
2025-06-10 12:20:57,527 INFO o.a.j.t.JMeterThread: Thread started: Thread Group 1-12
2025-06-10 12:20:58,131 INFO o.a.j.t.JMeterThread: Thread started: Thread Group 1-13
2025-06-10 12:20:58,728 INFO o.a.j.t.JMeterThread: Thread started: Thread Group 1-14
2025-06-10 12:20:59,337 INFO o.a.j.t.JMeterThread: Thread started: Thread Group 1-15
2025-06-10 12:20:59,921 INFO o.a.j.t.JMeterThread: Thread started: Thread Group 1-16
2025-06-10 12:21:00,536 INFO o.a.j.t.JMeterThread: Thread started: Thread Group 1-17
2025-06-10 12:21:01,126 INFO o.a.j.t.JMeterThread: Thread started: Thread Group 1-18
2025-06-10 12:21:01,719 INFO o.a.j.t.JMeterThread: Thread started: Thread Group 1-19
2025-06-10 12:21:02,324 INFO o.a.j.t.JMeterThread: Thread started: Thread Group 1-20
2025-06-10 12:21:02,928 INFO o.a.j.t.JMeterThread: Thread started: Thread Group 1-21
2025-06-10 12:21:03,571 INFO o.a.j.t.JMeterThread: Thread started: Thread Group 1-22
2025-06-10 12:21:04,136 INFO o.a.j.t.JMeterThread: Thread started: Thread Group 1-23
2025-06-10 12:21:04,719 INFO o.a.j.t.JMeterThread: Thread started: Thread Group 1-24
2025-06-10 12:21:05,338 INFO o.a.j.t.JMeterThread: Thread started: Thread Group 1-25
2025-06-10 12:21:05,934 INFO o.a.j.t.JMeterThread: Thread started: Thread Group 1-26
2025-06-10 12:21:06,522 INFO o.a.j.t.JMeterThread: Thread started: Thread Group 1-27
2025-06-10 12:21:07,121 INFO o.a.j.t.JMeterThread: Thread started: Thread Group 1-28
2025-06-10 12:21:07,729 INFO o.a.j.t.JMeterThread: Thread started: Thread Group 1-29
2025-06-10 12:21:08,340 INFO o.a.j.t.JMeterThread: Thread started: Thread Group 1-30
2025-06-10 12:21:08,938 INFO o.a.j.t.JMeterThread: Thread started: Thread Group 1-31
2025-06-10 12:21:09,517 INFO o.a.j.t.JMeterThread: Thread started: Thread Group 1-32
2025-06-10 12:21:10,119 INFO o.a.j.t.JMeterThread: Thread started: Thread Group 1-33
2025-06-10 12:21:10,723 INFO o.a.j.t.JMeterThread: Thread started: Thread Group 1-34
2025-06-10 12:21:11,316 INFO o.a.j.t.JMeterThread: Thread started: Thread Group 1-35
2025-06-10 12:21:11,919 INFO o.a.j.t.JMeterThread: Thread started: Thread Group 1-36
2025-06-10 12:21:12,521 INFO o.a.j.t.JMeterThread: Thread started: Thread Group 1-37
2025-06-10 12:21:13,123 INFO o.a.j.t.JMeterThread: Thread started: Thread Group 1-38
2025-06-10 12:21:13,725 INFO o.a.j.t.JMeterThread: Thread started: Thread Group 1-39
2025-06-10 12:21:14,322 INFO o.a.j.t.JMeterThread: Thread started: Thread Group 1-40
2025-06-10 12:21:14,920 INFO o.a.j.t.JMeterThread: Thread started: Thread Group 1-41
2025-06-10 12:21:15,522 INFO o.a.j.t.JMeterThread: Thread started: Thread Group 1-42
2025-06-10 12:21:16,121 INFO o.a.j.t.JMeterThread: Thread started: Thread Group 1-43
2025-06-10 12:21:16,725 INFO o.a.j.t.JMeterThread: Thread started: Thread Group 1-44
2025-06-10 12:21:17,323 INFO o.a.j.t.JMeterThread: Thread started: Thread Group 1-45
2025-06-10 12:21:17,928 INFO o.a.j.t.JMeterThread: Thread started: Thread Group 1-46
2025-06-10 12:21:18,517 INFO o.a.j.t.JMeterThread: Thread started: Thread Group 1-47
2025-06-10 12:21:19,121 INFO o.a.j.t.JMeterThread: Thread started: Thread Group 1-48
2025-06-10 12:21:19,720 INFO o.a.j.t.JMeterThread: Thread started: Thread Group 1-49
2025-06-10 12:21:20,321 INFO o.a.j.t.JMeterThread: Thread started: Thread Group 1-50
