2025-06-06 14:37:59,406 INFO o.a.j.u.JMeterUtils: Setting Locale to en_US
2025-06-06 14:37:59,433 INFO o.a.j.JMeter: Loading user properties from: /root/.bzt/jmeter-taurus/5.5/bin/user.properties
2025-06-06 14:37:59,435 INFO o.a.j.JMeter: Loading system properties from: /root/.bzt/jmeter-taurus/5.5/bin/system.properties
2025-06-06 14:37:59,435 INFO o.a.j.JMeter: Loading additional properties from: /bzt/results/jmeter-bzt-7.properties
2025-06-06 14:37:59,443 INFO o.a.j.JMeter: Copyright (c) 1998-2022 The Apache Software Foundation
2025-06-06 14:37:59,443 INFO o.a.j.JMeter: Version 5.5
2025-06-06 14:37:59,443 INFO o.a.j.JMeter: java.version=11.0.27
2025-06-06 14:37:59,444 INFO o.a.j.JMeter: java.vm.name=OpenJDK 64-Bit Server VM
2025-06-06 14:37:59,444 INFO o.a.j.JMeter: os.name=Linux
2025-06-06 14:37:59,444 INFO o.a.j.JMeter: os.arch=amd64
2025-06-06 14:37:59,444 INFO o.a.j.JMeter: os.version=6.10.14-linuxkit
2025-06-06 14:37:59,444 INFO o.a.j.JMeter: file.encoding=UTF-8
2025-06-06 14:37:59,444 INFO o.a.j.JMeter: java.awt.headless=true
2025-06-06 14:37:59,444 INFO o.a.j.JMeter: Max memory     =2082471936
2025-06-06 14:37:59,444 INFO o.a.j.JMeter: Available Processors =8
2025-06-06 14:37:59,449 INFO o.a.j.JMeter: Default Locale=English (United States)
2025-06-06 14:37:59,450 INFO o.a.j.JMeter: JMeter  Locale=English (United States)
2025-06-06 14:37:59,450 INFO o.a.j.JMeter: JMeterHome=/root/.bzt/jmeter-taurus/5.5
2025-06-06 14:37:59,450 INFO o.a.j.JMeter: user.dir  =/bzt
2025-06-06 14:37:59,450 INFO o.a.j.JMeter: PWD       =/bzt
2025-06-06 14:37:59,451 INFO o.a.j.JMeter: IP: 172.19.0.3 Name: f88d4c1c97a7 FullName: f88d4c1c97a7
2025-06-06 14:37:59,451 INFO o.a.j.JMeter: user.classpath=/bzt/results:/bzt
2025-06-06 14:37:59,451 INFO o.a.j.JMeter: Adding to classpath and loader: /bzt/results
2025-06-06 14:37:59,454 INFO o.a.j.JMeter: Adding to classpath and loader: /bzt
2025-06-06 14:37:59,467 INFO o.a.j.s.FileServer: Default base='/bzt'
2025-06-06 14:37:59,468 INFO o.a.j.s.FileServer: Set new base='/bzt'
2025-06-06 14:37:59,782 INFO o.a.j.s.SaveService: Testplan (JMX) version: 2.2. Testlog (JTL) version: 2.2
2025-06-06 14:37:59,975 INFO o.a.j.s.SaveService: Using SaveService properties version 5.0
2025-06-06 14:37:59,977 INFO o.a.j.s.SaveService: Using SaveService properties file encoding UTF-8
2025-06-06 14:37:59,980 INFO o.a.j.s.SaveService: Loading file: /bzt/modified_test-plan.jmx
2025-06-06 14:38:00,060 INFO o.a.j.p.h.s.HTTPSamplerBase: Parser for text/html is org.apache.jmeter.protocol.http.parser.LagartoBasedHtmlParser
2025-06-06 14:38:00,060 INFO o.a.j.p.h.s.HTTPSamplerBase: Parser for application/xhtml+xml is org.apache.jmeter.protocol.http.parser.LagartoBasedHtmlParser
2025-06-06 14:38:00,061 INFO o.a.j.p.h.s.HTTPSamplerBase: Parser for application/xml is org.apache.jmeter.protocol.http.parser.LagartoBasedHtmlParser
2025-06-06 14:38:00,061 INFO o.a.j.p.h.s.HTTPSamplerBase: Parser for text/xml is org.apache.jmeter.protocol.http.parser.LagartoBasedHtmlParser
2025-06-06 14:38:00,061 INFO o.a.j.p.h.s.HTTPSamplerBase: Parser for text/vnd.wap.wml is org.apache.jmeter.protocol.http.parser.RegexpHTMLParser
2025-06-06 14:38:00,061 INFO o.a.j.p.h.s.HTTPSamplerBase: Parser for text/css is org.apache.jmeter.protocol.http.parser.CssParser
2025-06-06 14:38:00,103 INFO o.a.j.e.StandardJMeterEngine: Running the test!
2025-06-06 14:38:00,116 INFO o.a.j.s.SampleEvent: List of sample_variables: []
2025-06-06 14:38:00,116 INFO o.a.j.s.SampleEvent: List of sample_variables: []
2025-06-06 14:38:00,134 INFO o.a.j.e.u.CompoundVariable: Note: Function class names must contain the string: '.functions.'
2025-06-06 14:38:00,134 INFO o.a.j.e.u.CompoundVariable: Note: Function class names must not contain the string: '.gui.'
2025-06-06 14:38:00,626 INFO o.a.j.JMeter: Running test (1749220680625)
2025-06-06 14:38:00,691 INFO o.a.j.e.StandardJMeterEngine: Starting ThreadGroup: 1 : Thread Group
2025-06-06 14:38:00,692 INFO o.a.j.e.StandardJMeterEngine: Starting 50 threads for group Thread Group.
2025-06-06 14:38:00,692 INFO o.a.j.e.StandardJMeterEngine: Thread will continue on error
2025-06-06 14:38:00,693 INFO o.a.j.t.ThreadGroup: Starting thread group... number=1 threads=50 ramp-up=30 delayedStart=false
2025-06-06 14:38:00,727 INFO o.a.j.t.JMeterThread: Thread started: Thread Group 1-1
2025-06-06 14:38:01,281 INFO o.a.j.t.ThreadGroup: Started thread group number 1
2025-06-06 14:38:01,300 INFO o.a.j.p.h.s.HTTPHCAbstractImpl: Local host = f88d4c1c97a7
2025-06-06 14:38:01,302 INFO o.a.j.e.StandardJMeterEngine: All thread groups have been started
2025-06-06 14:38:01,327 INFO o.a.j.t.JMeterThread: Thread started: Thread Group 1-2
2025-06-06 14:38:01,334 INFO o.a.j.p.h.s.HTTPHC4Impl: HTTP request retry count = 0
2025-06-06 14:38:01,338 INFO o.a.j.s.SampleResult: Note: Sample TimeStamps are START times
2025-06-06 14:38:01,338 INFO o.a.j.s.SampleResult: sampleresult.default.encoding is set to UTF-8
2025-06-06 14:38:01,339 INFO o.a.j.s.SampleResult: sampleresult.useNanoTime=true
2025-06-06 14:38:01,340 INFO o.a.j.s.SampleResult: sampleresult.nanoThreadSleep=5000
2025-06-06 14:38:01,937 INFO o.a.j.t.JMeterThread: Thread started: Thread Group 1-3
2025-06-06 14:38:02,497 INFO o.a.j.t.JMeterThread: Thread started: Thread Group 1-4
2025-06-06 14:38:03,101 INFO o.a.j.t.JMeterThread: Thread started: Thread Group 1-5
2025-06-06 14:38:03,710 INFO o.a.j.t.JMeterThread: Thread started: Thread Group 1-6
2025-06-06 14:38:04,307 INFO o.a.j.t.JMeterThread: Thread started: Thread Group 1-7
2025-06-06 14:38:04,908 INFO o.a.j.t.JMeterThread: Thread started: Thread Group 1-8
2025-06-06 14:38:05,705 INFO o.a.j.t.JMeterThread: Thread started: Thread Group 1-9
2025-06-06 14:38:06,342 INFO o.a.j.t.JMeterThread: Thread started: Thread Group 1-10
2025-06-06 14:38:06,957 INFO o.a.j.t.JMeterThread: Thread started: Thread Group 1-11
2025-06-06 14:38:07,358 INFO o.a.j.t.JMeterThread: Thread started: Thread Group 1-12
2025-06-06 14:38:07,952 INFO o.a.j.t.JMeterThread: Thread started: Thread Group 1-13
2025-06-06 14:38:08,736 INFO o.a.j.t.JMeterThread: Thread started: Thread Group 1-14
2025-06-06 14:38:09,100 INFO o.a.j.t.JMeterThread: Thread started: Thread Group 1-15
2025-06-06 14:38:09,702 INFO o.a.j.t.JMeterThread: Thread started: Thread Group 1-16
2025-06-06 14:38:10,317 INFO o.a.j.t.JMeterThread: Thread started: Thread Group 1-17
2025-06-06 14:38:10,899 INFO o.a.j.t.JMeterThread: Thread started: Thread Group 1-18
2025-06-06 14:38:11,500 INFO o.a.j.t.JMeterThread: Thread started: Thread Group 1-19
2025-06-06 14:38:12,103 INFO o.a.j.t.JMeterThread: Thread started: Thread Group 1-20
2025-06-06 14:38:12,722 INFO o.a.j.t.JMeterThread: Thread started: Thread Group 1-21
2025-06-06 14:38:13,321 INFO o.a.j.t.JMeterThread: Thread started: Thread Group 1-22
2025-06-06 14:38:13,906 INFO o.a.j.t.JMeterThread: Thread started: Thread Group 1-23
2025-06-06 14:38:14,499 INFO o.a.j.t.JMeterThread: Thread started: Thread Group 1-24
2025-06-06 14:38:15,101 INFO o.a.j.t.JMeterThread: Thread started: Thread Group 1-25
2025-06-06 14:38:15,704 INFO o.a.j.t.JMeterThread: Thread started: Thread Group 1-26
2025-06-06 14:38:16,308 INFO o.a.j.t.JMeterThread: Thread started: Thread Group 1-27
2025-06-06 14:38:16,920 INFO o.a.j.t.JMeterThread: Thread started: Thread Group 1-28
2025-06-06 14:38:17,525 INFO o.a.j.t.JMeterThread: Thread started: Thread Group 1-29
2025-06-06 14:38:18,105 INFO o.a.j.t.JMeterThread: Thread started: Thread Group 1-30
2025-06-06 14:38:18,703 INFO o.a.j.t.JMeterThread: Thread started: Thread Group 1-31
2025-06-06 14:38:19,309 INFO o.a.j.t.JMeterThread: Thread started: Thread Group 1-32
2025-06-06 14:38:19,909 INFO o.a.j.t.JMeterThread: Thread started: Thread Group 1-33
2025-06-06 14:38:20,498 INFO o.a.j.t.JMeterThread: Thread started: Thread Group 1-34
2025-06-06 14:38:21,095 INFO o.a.j.t.JMeterThread: Thread started: Thread Group 1-35
2025-06-06 14:38:21,712 INFO o.a.j.t.JMeterThread: Thread started: Thread Group 1-36
2025-06-06 14:38:22,316 INFO o.a.j.t.JMeterThread: Thread started: Thread Group 1-37
2025-06-06 14:38:22,940 INFO o.a.j.t.JMeterThread: Thread started: Thread Group 1-38
2025-06-06 14:38:23,539 INFO o.a.j.t.JMeterThread: Thread started: Thread Group 1-39
2025-06-06 14:38:24,137 INFO o.a.j.t.JMeterThread: Thread started: Thread Group 1-40
2025-06-06 14:38:24,727 INFO o.a.j.t.JMeterThread: Thread started: Thread Group 1-41
2025-06-06 14:38:25,329 INFO o.a.j.t.JMeterThread: Thread started: Thread Group 1-42
2025-06-06 14:38:25,910 INFO o.a.j.t.JMeterThread: Thread started: Thread Group 1-43
2025-06-06 14:38:26,503 INFO o.a.j.t.JMeterThread: Thread started: Thread Group 1-44
2025-06-06 14:38:27,096 INFO o.a.j.t.JMeterThread: Thread started: Thread Group 1-45
2025-06-06 14:38:27,708 INFO o.a.j.t.JMeterThread: Thread started: Thread Group 1-46
2025-06-06 14:38:28,311 INFO o.a.j.t.JMeterThread: Thread started: Thread Group 1-47
2025-06-06 14:38:28,907 INFO o.a.j.t.JMeterThread: Thread started: Thread Group 1-48
2025-06-06 14:38:29,504 INFO o.a.j.t.JMeterThread: Thread started: Thread Group 1-49
2025-06-06 14:38:30,111 INFO o.a.j.t.JMeterThread: Thread started: Thread Group 1-50
