2025-06-12 17:49:29,401 INFO o.a.j.u.JMeterUtils: Setting Locale to en_US
2025-06-12 17:49:29,429 INFO o.a.j.JMeter: Loading user properties from: /root/.bzt/jmeter-taurus/5.5/bin/user.properties
2025-06-12 17:49:29,430 INFO o.a.j.JMeter: Loading system properties from: /root/.bzt/jmeter-taurus/5.5/bin/system.properties
2025-06-12 17:49:29,430 INFO o.a.j.JMeter: Loading additional properties from: /bzt/results/jmeter-bzt-14.properties
2025-06-12 17:49:29,432 INFO o.a.j.JMeter: Setting System properties from file: /bzt/results/system-2.properties
2025-06-12 17:49:29,439 INFO o.a.j.JMeter: Copyright (c) 1998-2022 The Apache Software Foundation
2025-06-12 17:49:29,439 INFO o.a.j.JMeter: Version 5.5
2025-06-12 17:49:29,439 INFO o.a.j.JMeter: java.version=11.0.27
2025-06-12 17:49:29,439 INFO o.a.j.JMeter: java.vm.name=OpenJDK 64-Bit Server VM
2025-06-12 17:49:29,439 INFO o.a.j.JMeter: os.name=Linux
2025-06-12 17:49:29,440 INFO o.a.j.JMeter: os.arch=amd64
2025-06-12 17:49:29,440 INFO o.a.j.JMeter: os.version=6.10.14-linuxkit
2025-06-12 17:49:29,440 INFO o.a.j.JMeter: file.encoding=UTF-8
2025-06-12 17:49:29,440 INFO o.a.j.JMeter: java.awt.headless=true
2025-06-12 17:49:29,440 INFO o.a.j.JMeter: Max memory     =2082471936
2025-06-12 17:49:29,440 INFO o.a.j.JMeter: Available Processors =8
2025-06-12 17:49:29,445 INFO o.a.j.JMeter: Default Locale=English (United States)
2025-06-12 17:49:29,446 INFO o.a.j.JMeter: JMeter  Locale=English (United States)
2025-06-12 17:49:29,446 INFO o.a.j.JMeter: JMeterHome=/root/.bzt/jmeter-taurus/5.5
2025-06-12 17:49:29,446 INFO o.a.j.JMeter: user.dir  =/bzt
2025-06-12 17:49:29,446 INFO o.a.j.JMeter: PWD       =/bzt
2025-06-12 17:49:29,447 INFO o.a.j.JMeter: IP: 172.19.0.3 Name: f88d4c1c97a7 FullName: f88d4c1c97a7
2025-06-12 17:49:29,447 INFO o.a.j.JMeter: user.classpath=/bzt/results:/bzt/results
2025-06-12 17:49:29,447 INFO o.a.j.JMeter: Adding to classpath and loader: /bzt/results
2025-06-12 17:49:29,450 INFO o.a.j.JMeter: Adding to classpath and loader: /bzt/results
2025-06-12 17:49:29,463 INFO o.a.j.s.FileServer: Default base='/bzt'
2025-06-12 17:49:29,464 INFO o.a.j.s.FileServer: Set new base='/bzt/results'
2025-06-12 17:49:29,751 INFO o.a.j.s.SaveService: Testplan (JMX) version: 2.2. Testlog (JTL) version: 2.2
2025-06-12 17:49:29,917 INFO o.a.j.s.SaveService: Using SaveService properties version 5.0
2025-06-12 17:49:29,921 INFO o.a.j.s.SaveService: Using SaveService properties file encoding UTF-8
2025-06-12 17:49:29,923 INFO o.a.j.s.SaveService: Loading file: /bzt/results/modified_requests-2.jmx
2025-06-12 17:49:29,992 INFO o.a.j.p.h.c.CacheManager: Will only cache the following methods: [GET]
2025-06-12 17:49:29,995 INFO o.a.j.p.h.c.CookieManager: Settings: Delete null: true Check: true Allow variable: true Save: false Prefix: COOKIE_
2025-06-12 17:49:30,009 INFO o.a.j.p.h.s.HTTPSamplerBase: Parser for text/html is org.apache.jmeter.protocol.http.parser.LagartoBasedHtmlParser
2025-06-12 17:49:30,010 INFO o.a.j.p.h.s.HTTPSamplerBase: Parser for application/xhtml+xml is org.apache.jmeter.protocol.http.parser.LagartoBasedHtmlParser
2025-06-12 17:49:30,010 INFO o.a.j.p.h.s.HTTPSamplerBase: Parser for application/xml is org.apache.jmeter.protocol.http.parser.LagartoBasedHtmlParser
2025-06-12 17:49:30,010 INFO o.a.j.p.h.s.HTTPSamplerBase: Parser for text/xml is org.apache.jmeter.protocol.http.parser.LagartoBasedHtmlParser
2025-06-12 17:49:30,010 INFO o.a.j.p.h.s.HTTPSamplerBase: Parser for text/vnd.wap.wml is org.apache.jmeter.protocol.http.parser.RegexpHTMLParser
2025-06-12 17:49:30,010 INFO o.a.j.p.h.s.HTTPSamplerBase: Parser for text/css is org.apache.jmeter.protocol.http.parser.CssParser
2025-06-12 17:49:30,055 INFO o.a.j.e.StandardJMeterEngine: Running the test!
2025-06-12 17:49:30,056 INFO o.a.j.s.SampleEvent: List of sample_variables: []
2025-06-12 17:49:30,056 INFO o.a.j.s.SampleEvent: List of sample_variables: []
2025-06-12 17:49:30,080 INFO o.a.j.e.u.CompoundVariable: Note: Function class names must contain the string: '.functions.'
2025-06-12 17:49:30,080 INFO o.a.j.e.u.CompoundVariable: Note: Function class names must not contain the string: '.gui.'
2025-06-12 17:49:30,604 INFO o.a.j.JMeter: Running test (1749750570604)
2025-06-12 17:49:30,636 INFO o.a.j.e.StandardJMeterEngine: Starting ThreadGroup: 1 : simple_scenario
2025-06-12 17:49:30,638 INFO o.a.j.e.StandardJMeterEngine: Starting 10 threads for group simple_scenario.
2025-06-12 17:49:30,638 INFO o.a.j.e.StandardJMeterEngine: Thread will continue on error
2025-06-12 17:49:30,639 INFO o.a.j.t.ThreadGroup: Starting thread group... number=1 threads=10 ramp-up=0 delayedStart=false
2025-06-12 17:49:30,670 INFO o.a.j.t.JMeterThread: Thread started: simple_scenario 1-3
2025-06-12 17:49:30,670 INFO o.a.j.t.JMeterThread: Thread started: simple_scenario 1-5
2025-06-12 17:49:30,670 INFO o.a.j.t.JMeterThread: Thread started: simple_scenario 1-4
2025-06-12 17:49:30,670 INFO o.a.j.t.JMeterThread: Thread started: simple_scenario 1-2
2025-06-12 17:49:30,670 INFO o.a.j.t.JMeterThread: Thread started: simple_scenario 1-1
2025-06-12 17:49:30,702 INFO o.a.j.t.JMeterThread: Thread started: simple_scenario 1-6
2025-06-12 17:49:30,717 INFO o.a.j.t.ThreadGroup: Started thread group number 1
2025-06-12 17:49:30,718 INFO o.a.j.t.JMeterThread: Thread started: simple_scenario 1-10
2025-06-12 17:49:30,718 INFO o.a.j.t.JMeterThread: Thread started: simple_scenario 1-8
2025-06-12 17:49:30,718 INFO o.a.j.e.StandardJMeterEngine: All thread groups have been started
2025-06-12 17:49:30,718 INFO o.a.j.t.JMeterThread: Thread started: simple_scenario 1-9
2025-06-12 17:49:30,717 INFO o.a.j.t.JMeterThread: Thread started: simple_scenario 1-7
2025-06-12 17:49:30,798 INFO o.a.j.p.h.s.HTTPHCAbstractImpl: Local host = f88d4c1c97a7
2025-06-12 17:49:30,803 INFO o.a.j.p.h.s.HTTPHC4Impl: HTTP request retry count = 0
2025-06-12 17:49:30,805 INFO o.a.j.s.SampleResult: Note: Sample TimeStamps are START times
2025-06-12 17:49:30,805 INFO o.a.j.s.SampleResult: sampleresult.default.encoding is set to UTF-8
2025-06-12 17:49:30,805 INFO o.a.j.s.SampleResult: sampleresult.useNanoTime=true
2025-06-12 17:49:30,805 INFO o.a.j.s.SampleResult: sampleresult.nanoThreadSleep=5000
2025-06-12 17:49:31,158 INFO o.a.j.t.JMeterThread: Thread is done: simple_scenario 1-9
2025-06-12 17:49:31,158 INFO o.a.j.t.JMeterThread: Thread finished: simple_scenario 1-9
2025-06-12 17:49:31,162 INFO o.a.j.t.JMeterThread: Thread is done: simple_scenario 1-2
2025-06-12 17:49:31,163 INFO o.a.j.t.JMeterThread: Thread finished: simple_scenario 1-2
2025-06-12 17:49:31,164 INFO o.a.j.t.JMeterThread: Thread is done: simple_scenario 1-1
2025-06-12 17:49:31,164 INFO o.a.j.t.JMeterThread: Thread finished: simple_scenario 1-1
2025-06-12 17:49:31,164 INFO o.a.j.t.JMeterThread: Thread is done: simple_scenario 1-3
2025-06-12 17:49:31,165 INFO o.a.j.t.JMeterThread: Thread finished: simple_scenario 1-3
2025-06-12 17:49:31,165 INFO o.a.j.t.JMeterThread: Thread is done: simple_scenario 1-6
2025-06-12 17:49:31,165 INFO o.a.j.t.JMeterThread: Thread finished: simple_scenario 1-6
2025-06-12 17:49:31,168 INFO o.a.j.t.JMeterThread: Thread is done: simple_scenario 1-7
2025-06-12 17:49:31,168 INFO o.a.j.t.JMeterThread: Thread is done: simple_scenario 1-8
2025-06-12 17:49:31,168 INFO o.a.j.t.JMeterThread: Thread finished: simple_scenario 1-7
2025-06-12 17:49:31,168 INFO o.a.j.t.JMeterThread: Thread finished: simple_scenario 1-8
2025-06-12 17:49:31,169 INFO o.a.j.t.JMeterThread: Thread is done: simple_scenario 1-10
2025-06-12 17:49:31,169 INFO o.a.j.t.JMeterThread: Thread finished: simple_scenario 1-10
2025-06-12 17:49:31,169 INFO o.a.j.t.JMeterThread: Thread is done: simple_scenario 1-4
2025-06-12 17:49:31,170 INFO o.a.j.t.JMeterThread: Thread finished: simple_scenario 1-4
2025-06-12 17:49:31,170 INFO o.a.j.t.JMeterThread: Thread is done: simple_scenario 1-5
2025-06-12 17:49:31,170 INFO o.a.j.t.JMeterThread: Thread finished: simple_scenario 1-5
2025-06-12 17:49:31,170 INFO o.a.j.e.StandardJMeterEngine: Notifying test listeners of end of test
2025-06-12 17:49:31,172 INFO o.a.j.e.StandardJMeterEngine: Forced JVM shutdown requested at end of test
