2025-06-05 19:58:49,030 INFO o.a.j.u.JMeterUtils: Setting Locale to en_US
2025-06-05 19:58:49,088 INFO o.a.j.JMeter: Loading user properties from: /root/.bzt/jmeter-taurus/5.5/bin/user.properties
2025-06-05 19:58:49,092 INFO o.a.j.JMeter: Loading system properties from: /root/.bzt/jmeter-taurus/5.5/bin/system.properties
2025-06-05 19:58:49,094 INFO o.a.j.JMeter: Loading additional properties from: /bzt/results/jmeter-bzt-1.properties
2025-06-05 19:58:49,135 INFO o.a.j.JMeter: Copyright (c) 1998-2022 The Apache Software Foundation
2025-06-05 19:58:49,137 INFO o.a.j.JMeter: Version 5.5
2025-06-05 19:58:49,137 INFO o.a.j.JMeter: java.version=11.0.27
2025-06-05 19:58:49,138 INFO o.a.j.JMeter: java.vm.name=OpenJDK 64-Bit Server VM
2025-06-05 19:58:49,138 INFO o.a.j.JMeter: os.name=Linux
2025-06-05 19:58:49,138 INFO o.a.j.JMeter: os.arch=amd64
2025-06-05 19:58:49,138 INFO o.a.j.JMeter: os.version=6.10.14-linuxkit
2025-06-05 19:58:49,138 INFO o.a.j.JMeter: file.encoding=UTF-8
2025-06-05 19:58:49,139 INFO o.a.j.JMeter: java.awt.headless=true
2025-06-05 19:58:49,139 INFO o.a.j.JMeter: Max memory     =2082471936
2025-06-05 19:58:49,139 INFO o.a.j.JMeter: Available Processors =8
2025-06-05 19:58:49,150 INFO o.a.j.JMeter: Default Locale=English (United States)
2025-06-05 19:58:49,151 INFO o.a.j.JMeter: JMeter  Locale=English (United States)
2025-06-05 19:58:49,151 INFO o.a.j.JMeter: JMeterHome=/root/.bzt/jmeter-taurus/5.5
2025-06-05 19:58:49,151 INFO o.a.j.JMeter: user.dir  =/bzt
2025-06-05 19:58:49,151 INFO o.a.j.JMeter: PWD       =/bzt
2025-06-05 19:58:49,152 INFO o.a.j.JMeter: IP: 172.19.0.3 Name: f88d4c1c97a7 FullName: f88d4c1c97a7
2025-06-05 19:58:49,152 INFO o.a.j.JMeter: user.classpath=/bzt/results:/bzt
2025-06-05 19:58:49,152 INFO o.a.j.JMeter: Adding to classpath and loader: /bzt/results
2025-06-05 19:58:49,166 INFO o.a.j.JMeter: Adding to classpath and loader: /bzt
2025-06-05 19:58:49,192 INFO o.a.j.s.FileServer: Default base='/bzt'
2025-06-05 19:58:49,197 INFO o.a.j.s.FileServer: Set new base='/bzt'
2025-06-05 19:58:49,755 INFO o.a.j.s.SaveService: Testplan (JMX) version: 2.2. Testlog (JTL) version: 2.2
2025-06-05 19:58:49,961 INFO o.a.j.s.SaveService: Using SaveService properties version 5.0
2025-06-05 19:58:49,964 INFO o.a.j.s.SaveService: Using SaveService properties file encoding UTF-8
2025-06-05 19:58:49,967 INFO o.a.j.s.SaveService: Loading file: /bzt/modified_test-plan-3.jmx
2025-06-05 19:58:50,071 INFO o.a.j.p.h.s.HTTPSamplerBase: Parser for text/html is org.apache.jmeter.protocol.http.parser.LagartoBasedHtmlParser
2025-06-05 19:58:50,071 INFO o.a.j.p.h.s.HTTPSamplerBase: Parser for application/xhtml+xml is org.apache.jmeter.protocol.http.parser.LagartoBasedHtmlParser
2025-06-05 19:58:50,073 INFO o.a.j.p.h.s.HTTPSamplerBase: Parser for application/xml is org.apache.jmeter.protocol.http.parser.LagartoBasedHtmlParser
2025-06-05 19:58:50,073 INFO o.a.j.p.h.s.HTTPSamplerBase: Parser for text/xml is org.apache.jmeter.protocol.http.parser.LagartoBasedHtmlParser
2025-06-05 19:58:50,074 INFO o.a.j.p.h.s.HTTPSamplerBase: Parser for text/vnd.wap.wml is org.apache.jmeter.protocol.http.parser.RegexpHTMLParser
2025-06-05 19:58:50,074 INFO o.a.j.p.h.s.HTTPSamplerBase: Parser for text/css is org.apache.jmeter.protocol.http.parser.CssParser
2025-06-05 19:58:50,126 INFO o.a.j.e.StandardJMeterEngine: Running the test!
2025-06-05 19:58:50,147 INFO o.a.j.s.SampleEvent: List of sample_variables: []
2025-06-05 19:58:50,147 INFO o.a.j.s.SampleEvent: List of sample_variables: []
2025-06-05 19:58:50,169 INFO o.a.j.e.u.CompoundVariable: Note: Function class names must contain the string: '.functions.'
2025-06-05 19:58:50,169 INFO o.a.j.e.u.CompoundVariable: Note: Function class names must not contain the string: '.gui.'
2025-06-05 19:58:50,761 INFO o.a.j.JMeter: Running test (1749153530761)
2025-06-05 19:58:50,961 INFO o.a.j.e.StandardJMeterEngine: Starting ThreadGroup: 1 : Thread Group
2025-06-05 19:58:50,964 INFO o.a.j.e.StandardJMeterEngine: Starting 50 threads for group Thread Group.
2025-06-05 19:58:50,965 INFO o.a.j.e.StandardJMeterEngine: Thread will continue on error
2025-06-05 19:58:50,965 INFO o.a.j.t.ThreadGroup: Starting thread group... number=1 threads=50 ramp-up=30 delayedStart=false
2025-06-05 19:58:51,015 INFO o.a.j.t.JMeterThread: Thread started: Thread Group 1-1
2025-06-05 19:58:51,133 INFO o.a.j.p.h.s.HTTPHCAbstractImpl: Local host = f88d4c1c97a7
2025-06-05 19:58:51,141 INFO o.a.j.t.ThreadGroup: Started thread group number 1
2025-06-05 19:58:51,142 INFO o.a.j.e.StandardJMeterEngine: All thread groups have been started
2025-06-05 19:58:51,153 INFO o.a.j.p.h.s.HTTPHC4Impl: HTTP request retry count = 0
2025-06-05 19:58:51,155 INFO o.a.j.s.SampleResult: Note: Sample TimeStamps are START times
2025-06-05 19:58:51,155 INFO o.a.j.s.SampleResult: sampleresult.default.encoding is set to UTF-8
2025-06-05 19:58:51,155 INFO o.a.j.s.SampleResult: sampleresult.useNanoTime=true
2025-06-05 19:58:51,156 INFO o.a.j.s.SampleResult: sampleresult.nanoThreadSleep=5000
2025-06-05 19:58:51,594 INFO o.a.j.t.JMeterThread: Thread started: Thread Group 1-2
2025-06-05 19:58:52,179 INFO o.a.j.t.JMeterThread: Thread started: Thread Group 1-3
2025-06-05 19:58:52,775 INFO o.a.j.t.JMeterThread: Thread started: Thread Group 1-4
2025-06-05 19:58:53,375 INFO o.a.j.t.JMeterThread: Thread started: Thread Group 1-5
2025-06-05 19:58:53,975 INFO o.a.j.t.JMeterThread: Thread started: Thread Group 1-6
2025-06-05 19:58:54,577 INFO o.a.j.t.JMeterThread: Thread started: Thread Group 1-7
2025-06-05 19:58:55,175 INFO o.a.j.t.JMeterThread: Thread started: Thread Group 1-8
2025-06-05 19:58:55,776 INFO o.a.j.t.JMeterThread: Thread started: Thread Group 1-9
2025-06-05 19:58:56,374 INFO o.a.j.t.JMeterThread: Thread started: Thread Group 1-10
2025-06-05 19:58:56,981 INFO o.a.j.t.JMeterThread: Thread started: Thread Group 1-11
2025-06-05 19:58:57,594 INFO o.a.j.t.JMeterThread: Thread started: Thread Group 1-12
2025-06-05 19:58:58,180 INFO o.a.j.t.JMeterThread: Thread started: Thread Group 1-13
2025-06-05 19:58:58,801 INFO o.a.j.t.JMeterThread: Thread started: Thread Group 1-14
2025-06-05 19:58:59,376 INFO o.a.j.t.JMeterThread: Thread started: Thread Group 1-15
2025-06-05 19:58:59,976 INFO o.a.j.t.JMeterThread: Thread started: Thread Group 1-16
2025-06-05 19:59:00,582 INFO o.a.j.t.JMeterThread: Thread started: Thread Group 1-17
2025-06-05 19:59:01,173 INFO o.a.j.t.JMeterThread: Thread started: Thread Group 1-18
2025-06-05 19:59:01,777 INFO o.a.j.t.JMeterThread: Thread started: Thread Group 1-19
2025-06-05 19:59:02,370 INFO o.a.j.t.JMeterThread: Thread started: Thread Group 1-20
2025-06-05 19:59:02,982 INFO o.a.j.t.JMeterThread: Thread started: Thread Group 1-21
2025-06-05 19:59:03,588 INFO o.a.j.t.JMeterThread: Thread started: Thread Group 1-22
2025-06-05 19:59:04,180 INFO o.a.j.t.JMeterThread: Thread started: Thread Group 1-23
2025-06-05 19:59:04,778 INFO o.a.j.t.JMeterThread: Thread started: Thread Group 1-24
2025-06-05 19:59:05,373 INFO o.a.j.t.JMeterThread: Thread started: Thread Group 1-25
2025-06-05 19:59:05,970 INFO o.a.j.t.JMeterThread: Thread started: Thread Group 1-26
2025-06-05 19:59:06,582 INFO o.a.j.t.JMeterThread: Thread started: Thread Group 1-27
2025-06-05 19:59:07,177 INFO o.a.j.t.JMeterThread: Thread started: Thread Group 1-28
2025-06-05 19:59:07,772 INFO o.a.j.t.JMeterThread: Thread started: Thread Group 1-29
2025-06-05 19:59:08,373 INFO o.a.j.t.JMeterThread: Thread started: Thread Group 1-30
2025-06-05 19:59:08,971 INFO o.a.j.t.JMeterThread: Thread started: Thread Group 1-31
2025-06-05 19:59:09,593 INFO o.a.j.t.JMeterThread: Thread started: Thread Group 1-32
2025-06-05 19:59:10,187 INFO o.a.j.t.JMeterThread: Thread started: Thread Group 1-33
2025-06-05 19:59:10,776 INFO o.a.j.t.JMeterThread: Thread started: Thread Group 1-34
2025-06-05 19:59:11,373 INFO o.a.j.t.JMeterThread: Thread started: Thread Group 1-35
2025-06-05 19:59:11,971 INFO o.a.j.t.JMeterThread: Thread started: Thread Group 1-36
2025-06-05 19:59:12,574 INFO o.a.j.t.JMeterThread: Thread started: Thread Group 1-37
2025-06-05 19:59:13,170 INFO o.a.j.t.JMeterThread: Thread started: Thread Group 1-38
2025-06-05 19:59:13,773 INFO o.a.j.t.JMeterThread: Thread started: Thread Group 1-39
2025-06-05 19:59:14,378 INFO o.a.j.t.JMeterThread: Thread started: Thread Group 1-40
2025-06-05 19:59:14,975 INFO o.a.j.t.JMeterThread: Thread started: Thread Group 1-41
2025-06-05 19:59:15,576 INFO o.a.j.t.JMeterThread: Thread started: Thread Group 1-42
2025-06-05 19:59:16,177 INFO o.a.j.t.JMeterThread: Thread started: Thread Group 1-43
2025-06-05 19:59:16,773 INFO o.a.j.t.JMeterThread: Thread started: Thread Group 1-44
2025-06-05 19:59:17,372 INFO o.a.j.t.JMeterThread: Thread started: Thread Group 1-45
2025-06-05 19:59:17,977 INFO o.a.j.t.JMeterThread: Thread started: Thread Group 1-46
2025-06-05 19:59:18,575 INFO o.a.j.t.JMeterThread: Thread started: Thread Group 1-47
2025-06-05 19:59:19,172 INFO o.a.j.t.JMeterThread: Thread started: Thread Group 1-48
2025-06-05 19:59:19,775 INFO o.a.j.t.JMeterThread: Thread started: Thread Group 1-49
2025-06-05 19:59:20,372 INFO o.a.j.t.JMeterThread: Thread started: Thread Group 1-50
