2025-06-05 19:55:24,319 INFO o.a.j.u.JMeterUtils: Setting Locale to en_US
2025-06-05 19:55:24,347 INFO o.a.j.JMeter: Loading user properties from: /root/.bzt/jmeter-taurus/5.5/bin/user.properties
2025-06-05 19:55:24,348 INFO o.a.j.JMeter: Loading system properties from: /root/.bzt/jmeter-taurus/5.5/bin/system.properties
2025-06-05 19:55:24,348 INFO o.a.j.JMeter: Loading additional properties from: /bzt/results/jmeter-bzt.properties
2025-06-05 19:55:24,355 INFO o.a.j.JMeter: Copyright (c) 1998-2022 The Apache Software Foundation
2025-06-05 19:55:24,355 INFO o.a.j.JMeter: Version 5.5
2025-06-05 19:55:24,355 INFO o.a.j.JMeter: java.version=11.0.27
2025-06-05 19:55:24,356 INFO o.a.j.JMeter: java.vm.name=OpenJDK 64-Bit Server VM
2025-06-05 19:55:24,356 INFO o.a.j.JMeter: os.name=Linux
2025-06-05 19:55:24,356 INFO o.a.j.JMeter: os.arch=amd64
2025-06-05 19:55:24,356 INFO o.a.j.JMeter: os.version=6.10.14-linuxkit
2025-06-05 19:55:24,356 INFO o.a.j.JMeter: file.encoding=UTF-8
2025-06-05 19:55:24,356 INFO o.a.j.JMeter: java.awt.headless=true
2025-06-05 19:55:24,356 INFO o.a.j.JMeter: Max memory     =2082471936
2025-06-05 19:55:24,356 INFO o.a.j.JMeter: Available Processors =8
2025-06-05 19:55:24,361 INFO o.a.j.JMeter: Default Locale=English (United States)
2025-06-05 19:55:24,362 INFO o.a.j.JMeter: JMeter  Locale=English (United States)
2025-06-05 19:55:24,362 INFO o.a.j.JMeter: JMeterHome=/root/.bzt/jmeter-taurus/5.5
2025-06-05 19:55:24,362 INFO o.a.j.JMeter: user.dir  =/bzt
2025-06-05 19:55:24,362 INFO o.a.j.JMeter: PWD       =/bzt
2025-06-05 19:55:24,363 INFO o.a.j.JMeter: IP: 172.19.0.3 Name: f88d4c1c97a7 FullName: f88d4c1c97a7
2025-06-05 19:55:24,363 INFO o.a.j.JMeter: user.classpath=/bzt/results:/bzt
2025-06-05 19:55:24,363 INFO o.a.j.JMeter: Adding to classpath and loader: /bzt/results
2025-06-05 19:55:24,365 INFO o.a.j.JMeter: Adding to classpath and loader: /bzt
2025-06-05 19:55:24,380 INFO o.a.j.s.FileServer: Default base='/bzt'
2025-06-05 19:55:24,381 INFO o.a.j.s.FileServer: Set new base='/bzt'
2025-06-05 19:55:24,665 INFO o.a.j.s.SaveService: Testplan (JMX) version: 2.2. Testlog (JTL) version: 2.2
2025-06-05 19:55:24,824 INFO o.a.j.s.SaveService: Using SaveService properties version 5.0
2025-06-05 19:55:24,827 INFO o.a.j.s.SaveService: Using SaveService properties file encoding UTF-8
2025-06-05 19:55:24,830 INFO o.a.j.s.SaveService: Loading file: /bzt/modified_test-plan-2.jmx
2025-06-05 19:55:24,904 INFO o.a.j.p.h.s.HTTPSamplerBase: Parser for text/html is org.apache.jmeter.protocol.http.parser.LagartoBasedHtmlParser
2025-06-05 19:55:24,904 INFO o.a.j.p.h.s.HTTPSamplerBase: Parser for application/xhtml+xml is org.apache.jmeter.protocol.http.parser.LagartoBasedHtmlParser
2025-06-05 19:55:24,904 INFO o.a.j.p.h.s.HTTPSamplerBase: Parser for application/xml is org.apache.jmeter.protocol.http.parser.LagartoBasedHtmlParser
2025-06-05 19:55:24,905 INFO o.a.j.p.h.s.HTTPSamplerBase: Parser for text/xml is org.apache.jmeter.protocol.http.parser.LagartoBasedHtmlParser
2025-06-05 19:55:24,905 INFO o.a.j.p.h.s.HTTPSamplerBase: Parser for text/vnd.wap.wml is org.apache.jmeter.protocol.http.parser.RegexpHTMLParser
2025-06-05 19:55:24,905 INFO o.a.j.p.h.s.HTTPSamplerBase: Parser for text/css is org.apache.jmeter.protocol.http.parser.CssParser
2025-06-05 19:55:24,944 INFO o.a.j.e.StandardJMeterEngine: Running the test!
2025-06-05 19:55:24,949 INFO o.a.j.s.SampleEvent: List of sample_variables: []
2025-06-05 19:55:24,949 INFO o.a.j.s.SampleEvent: List of sample_variables: []
2025-06-05 19:55:24,972 INFO o.a.j.e.u.CompoundVariable: Note: Function class names must contain the string: '.functions.'
2025-06-05 19:55:24,972 INFO o.a.j.e.u.CompoundVariable: Note: Function class names must not contain the string: '.gui.'
2025-06-05 19:55:25,349 INFO o.a.j.JMeter: Running test (1749153325349)
2025-06-05 19:55:25,404 INFO o.a.j.e.StandardJMeterEngine: Starting ThreadGroup: 1 : Thread Group
2025-06-05 19:55:25,405 INFO o.a.j.e.StandardJMeterEngine: Starting 50 threads for group Thread Group.
2025-06-05 19:55:25,405 INFO o.a.j.e.StandardJMeterEngine: Thread will continue on error
2025-06-05 19:55:25,406 INFO o.a.j.t.ThreadGroup: Starting thread group... number=1 threads=50 ramp-up=30 delayedStart=false
2025-06-05 19:55:25,434 INFO o.a.j.t.JMeterThread: Thread started: Thread Group 1-1
2025-06-05 19:55:25,499 INFO o.a.j.t.ThreadGroup: Started thread group number 1
2025-06-05 19:55:25,499 INFO o.a.j.e.StandardJMeterEngine: All thread groups have been started
2025-06-05 19:55:25,504 INFO o.a.j.p.h.s.HTTPHCAbstractImpl: Local host = f88d4c1c97a7
2025-06-05 19:55:25,514 INFO o.a.j.p.h.s.HTTPHC4Impl: HTTP request retry count = 0
2025-06-05 19:55:25,515 INFO o.a.j.s.SampleResult: Note: Sample TimeStamps are START times
2025-06-05 19:55:25,516 INFO o.a.j.s.SampleResult: sampleresult.default.encoding is set to UTF-8
2025-06-05 19:55:25,516 INFO o.a.j.s.SampleResult: sampleresult.useNanoTime=true
2025-06-05 19:55:25,516 INFO o.a.j.s.SampleResult: sampleresult.nanoThreadSleep=5000
2025-06-05 19:55:26,020 INFO o.a.j.t.JMeterThread: Thread started: Thread Group 1-2
2025-06-05 19:55:26,613 INFO o.a.j.t.JMeterThread: Thread started: Thread Group 1-3
2025-06-05 19:55:27,213 INFO o.a.j.t.JMeterThread: Thread started: Thread Group 1-4
2025-06-05 19:55:27,814 INFO o.a.j.t.JMeterThread: Thread started: Thread Group 1-5
2025-06-05 19:55:28,419 INFO o.a.j.t.JMeterThread: Thread started: Thread Group 1-6
2025-06-05 19:55:29,015 INFO o.a.j.t.JMeterThread: Thread started: Thread Group 1-7
2025-06-05 19:55:29,617 INFO o.a.j.t.JMeterThread: Thread started: Thread Group 1-8
2025-06-05 19:55:30,210 INFO o.a.j.t.JMeterThread: Thread started: Thread Group 1-9
2025-06-05 19:55:30,811 INFO o.a.j.t.JMeterThread: Thread started: Thread Group 1-10
2025-06-05 19:55:31,412 INFO o.a.j.t.JMeterThread: Thread started: Thread Group 1-11
2025-06-05 19:55:32,012 INFO o.a.j.t.JMeterThread: Thread started: Thread Group 1-12
2025-06-05 19:55:32,614 INFO o.a.j.t.JMeterThread: Thread started: Thread Group 1-13
2025-06-05 19:55:33,226 INFO o.a.j.t.JMeterThread: Thread started: Thread Group 1-14
2025-06-05 19:55:33,813 INFO o.a.j.t.JMeterThread: Thread started: Thread Group 1-15
2025-06-05 19:55:34,415 INFO o.a.j.t.JMeterThread: Thread started: Thread Group 1-16
2025-06-05 19:55:35,022 INFO o.a.j.t.JMeterThread: Thread started: Thread Group 1-17
2025-06-05 19:55:35,614 INFO o.a.j.t.JMeterThread: Thread started: Thread Group 1-18
2025-06-05 19:55:36,217 INFO o.a.j.t.JMeterThread: Thread started: Thread Group 1-19
2025-06-05 19:55:36,816 INFO o.a.j.t.JMeterThread: Thread started: Thread Group 1-20
2025-06-05 19:55:37,421 INFO o.a.j.t.JMeterThread: Thread started: Thread Group 1-21
2025-06-05 19:55:38,017 INFO o.a.j.t.JMeterThread: Thread started: Thread Group 1-22
2025-06-05 19:55:38,612 INFO o.a.j.t.JMeterThread: Thread started: Thread Group 1-23
2025-06-05 19:55:39,771 INFO o.a.j.t.JMeterThread: Thread started: Thread Group 1-24
2025-06-05 19:55:39,812 INFO o.a.j.t.JMeterThread: Thread started: Thread Group 1-25
2025-06-05 19:55:40,485 INFO o.a.j.t.JMeterThread: Thread started: Thread Group 1-26
2025-06-05 19:55:41,010 INFO o.a.j.t.JMeterThread: Thread started: Thread Group 1-27
2025-06-05 19:55:41,618 INFO o.a.j.t.JMeterThread: Thread started: Thread Group 1-28
2025-06-05 19:55:42,291 INFO o.a.j.t.JMeterThread: Thread started: Thread Group 1-29
2025-06-05 19:55:42,811 INFO o.a.j.t.JMeterThread: Thread started: Thread Group 1-30
2025-06-05 19:55:43,433 INFO o.a.j.t.JMeterThread: Thread started: Thread Group 1-31
2025-06-05 19:55:44,009 INFO o.a.j.t.JMeterThread: Thread started: Thread Group 1-32
2025-06-05 19:55:44,612 INFO o.a.j.t.JMeterThread: Thread started: Thread Group 1-33
2025-06-05 19:55:45,218 INFO o.a.j.t.JMeterThread: Thread started: Thread Group 1-34
2025-06-05 19:55:45,813 INFO o.a.j.t.JMeterThread: Thread started: Thread Group 1-35
2025-06-05 19:55:46,413 INFO o.a.j.t.JMeterThread: Thread started: Thread Group 1-36
2025-06-05 19:55:47,010 INFO o.a.j.t.JMeterThread: Thread started: Thread Group 1-37
2025-06-05 19:55:47,620 INFO o.a.j.t.JMeterThread: Thread started: Thread Group 1-38
2025-06-05 19:55:48,219 INFO o.a.j.t.JMeterThread: Thread started: Thread Group 1-39
2025-06-05 19:55:48,815 INFO o.a.j.t.JMeterThread: Thread started: Thread Group 1-40
2025-06-05 19:55:49,417 INFO o.a.j.t.JMeterThread: Thread started: Thread Group 1-41
2025-06-05 19:55:50,014 INFO o.a.j.t.JMeterThread: Thread started: Thread Group 1-42
2025-06-05 19:55:50,617 INFO o.a.j.t.JMeterThread: Thread started: Thread Group 1-43
2025-06-05 19:55:51,215 INFO o.a.j.t.JMeterThread: Thread started: Thread Group 1-44
2025-06-05 19:55:51,811 INFO o.a.j.t.JMeterThread: Thread started: Thread Group 1-45
2025-06-05 19:55:52,415 INFO o.a.j.t.JMeterThread: Thread started: Thread Group 1-46
2025-06-05 19:55:53,008 INFO o.a.j.t.JMeterThread: Thread started: Thread Group 1-47
2025-06-05 19:55:53,623 INFO o.a.j.t.JMeterThread: Thread started: Thread Group 1-48
2025-06-05 19:55:54,324 INFO o.a.j.t.JMeterThread: Thread started: Thread Group 1-49
2025-06-05 19:55:54,812 INFO o.a.j.t.JMeterThread: Thread started: Thread Group 1-50
