2025-06-06 17:51:32,461 INFO o.a.j.u.JMeterUtils: Setting Locale to en_US
2025-06-06 17:51:32,494 INFO o.a.j.JMeter: Loading user properties from: /root/.bzt/jmeter-taurus/5.5/bin/user.properties
2025-06-06 17:51:32,495 INFO o.a.j.JMeter: Loading system properties from: /root/.bzt/jmeter-taurus/5.5/bin/system.properties
2025-06-06 17:51:32,496 INFO o.a.j.JMeter: Loading additional properties from: /bzt/results/jmeter-bzt-8.properties
2025-06-06 17:51:32,511 INFO o.a.j.JMeter: Copyright (c) 1998-2022 The Apache Software Foundation
2025-06-06 17:51:32,511 INFO o.a.j.JMeter: Version 5.5
2025-06-06 17:51:32,511 INFO o.a.j.JMeter: java.version=11.0.27
2025-06-06 17:51:32,512 INFO o.a.j.JMeter: java.vm.name=OpenJDK 64-Bit Server VM
2025-06-06 17:51:32,512 INFO o.a.j.JMeter: os.name=Linux
2025-06-06 17:51:32,512 INFO o.a.j.JMeter: os.arch=amd64
2025-06-06 17:51:32,512 INFO o.a.j.JMeter: os.version=6.10.14-linuxkit
2025-06-06 17:51:32,512 INFO o.a.j.JMeter: file.encoding=UTF-8
2025-06-06 17:51:32,512 INFO o.a.j.JMeter: java.awt.headless=true
2025-06-06 17:51:32,512 INFO o.a.j.JMeter: Max memory     =2082471936
2025-06-06 17:51:32,512 INFO o.a.j.JMeter: Available Processors =8
2025-06-06 17:51:32,522 INFO o.a.j.JMeter: Default Locale=English (United States)
2025-06-06 17:51:32,522 INFO o.a.j.JMeter: JMeter  Locale=English (United States)
2025-06-06 17:51:32,522 INFO o.a.j.JMeter: JMeterHome=/root/.bzt/jmeter-taurus/5.5
2025-06-06 17:51:32,522 INFO o.a.j.JMeter: user.dir  =/bzt
2025-06-06 17:51:32,523 INFO o.a.j.JMeter: PWD       =/bzt
2025-06-06 17:51:32,524 INFO o.a.j.JMeter: IP: 172.19.0.3 Name: f88d4c1c97a7 FullName: f88d4c1c97a7
2025-06-06 17:51:32,524 INFO o.a.j.JMeter: user.classpath=/bzt/results:/bzt
2025-06-06 17:51:32,525 INFO o.a.j.JMeter: Adding to classpath and loader: /bzt/results
2025-06-06 17:51:32,529 INFO o.a.j.JMeter: Adding to classpath and loader: /bzt
2025-06-06 17:51:32,546 INFO o.a.j.s.FileServer: Default base='/bzt'
2025-06-06 17:51:32,547 INFO o.a.j.s.FileServer: Set new base='/bzt'
2025-06-06 17:51:33,470 INFO o.a.j.s.SaveService: Testplan (JMX) version: 2.2. Testlog (JTL) version: 2.2
2025-06-06 17:51:33,705 INFO o.a.j.s.SaveService: Using SaveService properties version 5.0
2025-06-06 17:51:33,711 INFO o.a.j.s.SaveService: Using SaveService properties file encoding UTF-8
2025-06-06 17:51:33,719 INFO o.a.j.s.SaveService: Loading file: /bzt/modified_test-plan-1.jmx
2025-06-06 17:51:33,902 INFO o.a.j.p.h.s.HTTPSamplerBase: Parser for text/html is org.apache.jmeter.protocol.http.parser.LagartoBasedHtmlParser
2025-06-06 17:51:33,903 INFO o.a.j.p.h.s.HTTPSamplerBase: Parser for application/xhtml+xml is org.apache.jmeter.protocol.http.parser.LagartoBasedHtmlParser
2025-06-06 17:51:33,903 INFO o.a.j.p.h.s.HTTPSamplerBase: Parser for application/xml is org.apache.jmeter.protocol.http.parser.LagartoBasedHtmlParser
2025-06-06 17:51:33,903 INFO o.a.j.p.h.s.HTTPSamplerBase: Parser for text/xml is org.apache.jmeter.protocol.http.parser.LagartoBasedHtmlParser
2025-06-06 17:51:33,903 INFO o.a.j.p.h.s.HTTPSamplerBase: Parser for text/vnd.wap.wml is org.apache.jmeter.protocol.http.parser.RegexpHTMLParser
2025-06-06 17:51:33,904 INFO o.a.j.p.h.s.HTTPSamplerBase: Parser for text/css is org.apache.jmeter.protocol.http.parser.CssParser
2025-06-06 17:51:34,001 INFO o.a.j.e.StandardJMeterEngine: Running the test!
2025-06-06 17:51:34,006 INFO o.a.j.s.SampleEvent: List of sample_variables: []
2025-06-06 17:51:34,006 INFO o.a.j.s.SampleEvent: List of sample_variables: []
2025-06-06 17:51:34,041 INFO o.a.j.e.u.CompoundVariable: Note: Function class names must contain the string: '.functions.'
2025-06-06 17:51:34,042 INFO o.a.j.e.u.CompoundVariable: Note: Function class names must not contain the string: '.gui.'
2025-06-06 17:51:35,192 INFO o.a.j.JMeter: Running test (1749232295190)
2025-06-06 17:51:35,334 INFO o.a.j.e.StandardJMeterEngine: Starting ThreadGroup: 1 : Thread Group
2025-06-06 17:51:35,337 INFO o.a.j.e.StandardJMeterEngine: Starting 50 threads for group Thread Group.
2025-06-06 17:51:35,337 INFO o.a.j.e.StandardJMeterEngine: Thread will continue on error
2025-06-06 17:51:35,339 INFO o.a.j.t.ThreadGroup: Starting thread group... number=1 threads=50 ramp-up=30 delayedStart=false
2025-06-06 17:51:35,399 INFO o.a.j.t.JMeterThread: Thread started: Thread Group 1-1
2025-06-06 17:51:35,545 INFO o.a.j.t.ThreadGroup: Started thread group number 1
2025-06-06 17:51:35,546 INFO o.a.j.e.StandardJMeterEngine: All thread groups have been started
2025-06-06 17:51:35,559 INFO o.a.j.p.h.s.HTTPHCAbstractImpl: Local host = f88d4c1c97a7
2025-06-06 17:51:35,575 INFO o.a.j.p.h.s.HTTPHC4Impl: HTTP request retry count = 0
2025-06-06 17:51:35,578 INFO o.a.j.s.SampleResult: Note: Sample TimeStamps are START times
2025-06-06 17:51:35,578 INFO o.a.j.s.SampleResult: sampleresult.default.encoding is set to UTF-8
2025-06-06 17:51:35,578 INFO o.a.j.s.SampleResult: sampleresult.useNanoTime=true
2025-06-06 17:51:35,578 INFO o.a.j.s.SampleResult: sampleresult.nanoThreadSleep=5000
2025-06-06 17:51:35,973 INFO o.a.j.t.JMeterThread: Thread started: Thread Group 1-2
2025-06-06 17:51:36,555 INFO o.a.j.t.JMeterThread: Thread started: Thread Group 1-3
2025-06-06 17:51:37,153 INFO o.a.j.t.JMeterThread: Thread started: Thread Group 1-4
2025-06-06 17:51:37,751 INFO o.a.j.t.JMeterThread: Thread started: Thread Group 1-5
2025-06-06 17:51:38,353 INFO o.a.j.t.JMeterThread: Thread started: Thread Group 1-6
2025-06-06 17:51:38,958 INFO o.a.j.t.JMeterThread: Thread started: Thread Group 1-7
2025-06-06 17:51:39,570 INFO o.a.j.t.JMeterThread: Thread started: Thread Group 1-8
2025-06-06 17:51:40,165 INFO o.a.j.t.JMeterThread: Thread started: Thread Group 1-9
2025-06-06 17:51:40,754 INFO o.a.j.t.JMeterThread: Thread started: Thread Group 1-10
2025-06-06 17:51:41,364 INFO o.a.j.t.JMeterThread: Thread started: Thread Group 1-11
2025-06-06 17:51:42,027 INFO o.a.j.t.JMeterThread: Thread started: Thread Group 1-12
2025-06-06 17:51:42,549 INFO o.a.j.t.JMeterThread: Thread started: Thread Group 1-13
2025-06-06 17:51:43,170 INFO o.a.j.t.JMeterThread: Thread started: Thread Group 1-14
2025-06-06 17:51:43,756 INFO o.a.j.t.JMeterThread: Thread started: Thread Group 1-15
2025-06-06 17:51:44,375 INFO o.a.j.t.JMeterThread: Thread started: Thread Group 1-16
2025-06-06 17:51:44,957 INFO o.a.j.t.JMeterThread: Thread started: Thread Group 1-17
2025-06-06 17:51:45,582 INFO o.a.j.t.JMeterThread: Thread started: Thread Group 1-18
2025-06-06 17:51:46,168 INFO o.a.j.t.JMeterThread: Thread started: Thread Group 1-19
2025-06-06 17:51:46,758 INFO o.a.j.t.JMeterThread: Thread started: Thread Group 1-20
2025-06-06 17:51:47,356 INFO o.a.j.t.JMeterThread: Thread started: Thread Group 1-21
2025-06-06 17:51:47,957 INFO o.a.j.t.JMeterThread: Thread started: Thread Group 1-22
2025-06-06 17:51:48,559 INFO o.a.j.t.JMeterThread: Thread started: Thread Group 1-23
2025-06-06 17:51:49,162 INFO o.a.j.t.JMeterThread: Thread started: Thread Group 1-24
2025-06-06 17:51:49,752 INFO o.a.j.t.JMeterThread: Thread started: Thread Group 1-25
2025-06-06 17:51:50,376 INFO o.a.j.t.JMeterThread: Thread started: Thread Group 1-26
2025-06-06 17:51:50,963 INFO o.a.j.t.JMeterThread: Thread started: Thread Group 1-27
2025-06-06 17:51:51,564 INFO o.a.j.t.JMeterThread: Thread started: Thread Group 1-28
2025-06-06 17:51:52,160 INFO o.a.j.t.JMeterThread: Thread started: Thread Group 1-29
2025-06-06 17:51:52,748 INFO o.a.j.t.JMeterThread: Thread started: Thread Group 1-30
2025-06-06 17:51:53,347 INFO o.a.j.t.JMeterThread: Thread started: Thread Group 1-31
2025-06-06 17:51:53,952 INFO o.a.j.t.JMeterThread: Thread started: Thread Group 1-32
2025-06-06 17:51:54,557 INFO o.a.j.t.JMeterThread: Thread started: Thread Group 1-33
2025-06-06 17:51:55,151 INFO o.a.j.t.JMeterThread: Thread started: Thread Group 1-34
2025-06-06 17:51:55,749 INFO o.a.j.t.JMeterThread: Thread started: Thread Group 1-35
2025-06-06 17:51:56,352 INFO o.a.j.t.JMeterThread: Thread started: Thread Group 1-36
2025-06-06 17:51:57,157 INFO o.a.j.t.JMeterThread: Thread started: Thread Group 1-37
2025-06-06 17:51:57,566 INFO o.a.j.t.JMeterThread: Thread started: Thread Group 1-38
2025-06-06 17:51:58,190 INFO o.a.j.t.JMeterThread: Thread started: Thread Group 1-39
2025-06-06 17:51:58,754 INFO o.a.j.t.JMeterThread: Thread started: Thread Group 1-40
2025-06-06 17:51:59,366 INFO o.a.j.t.JMeterThread: Thread started: Thread Group 1-41
2025-06-06 17:51:59,949 INFO o.a.j.t.JMeterThread: Thread started: Thread Group 1-42
2025-06-06 17:52:00,560 INFO o.a.j.t.JMeterThread: Thread started: Thread Group 1-43
2025-06-06 17:52:01,166 INFO o.a.j.t.JMeterThread: Thread started: Thread Group 1-44
2025-06-06 17:52:01,747 INFO o.a.j.t.JMeterThread: Thread started: Thread Group 1-45
2025-06-06 17:52:02,349 INFO o.a.j.t.JMeterThread: Thread started: Thread Group 1-46
2025-06-06 17:52:02,947 INFO o.a.j.t.JMeterThread: Thread started: Thread Group 1-47
2025-06-06 17:52:03,546 INFO o.a.j.t.JMeterThread: Thread started: Thread Group 1-48
2025-06-06 17:52:04,145 INFO o.a.j.t.JMeterThread: Thread started: Thread Group 1-49
2025-06-06 17:52:04,752 INFO o.a.j.t.JMeterThread: Thread started: Thread Group 1-50
