2025-06-12 17:53:32,826 INFO o.a.j.u.JMeterUtils: Setting Locale to en_US
2025-06-12 17:53:32,850 INFO o.a.j.JMeter: Loading user properties from: /root/.bzt/jmeter-taurus/5.5/bin/user.properties
2025-06-12 17:53:32,851 INFO o.a.j.JMeter: Loading system properties from: /root/.bzt/jmeter-taurus/5.5/bin/system.properties
2025-06-12 17:53:32,852 INFO o.a.j.JMeter: Loading additional properties from: /bzt/results/jmeter-bzt-15.properties
2025-06-12 17:53:32,859 INFO o.a.j.JMeter: Copyright (c) 1998-2022 The Apache Software Foundation
2025-06-12 17:53:32,860 INFO o.a.j.JMeter: Version 5.5
2025-06-12 17:53:32,860 INFO o.a.j.JMeter: java.version=11.0.27
2025-06-12 17:53:32,860 INFO o.a.j.JMeter: java.vm.name=OpenJDK 64-Bit Server VM
2025-06-12 17:53:32,860 INFO o.a.j.JMeter: os.name=Linux
2025-06-12 17:53:32,860 INFO o.a.j.JMeter: os.arch=amd64
2025-06-12 17:53:32,860 INFO o.a.j.JMeter: os.version=6.10.14-linuxkit
2025-06-12 17:53:32,860 INFO o.a.j.JMeter: file.encoding=UTF-8
2025-06-12 17:53:32,860 INFO o.a.j.JMeter: java.awt.headless=true
2025-06-12 17:53:32,861 INFO o.a.j.JMeter: Max memory     =2082471936
2025-06-12 17:53:32,861 INFO o.a.j.JMeter: Available Processors =8
2025-06-12 17:53:32,866 INFO o.a.j.JMeter: Default Locale=English (United States)
2025-06-12 17:53:32,866 INFO o.a.j.JMeter: JMeter  Locale=English (United States)
2025-06-12 17:53:32,866 INFO o.a.j.JMeter: JMeterHome=/root/.bzt/jmeter-taurus/5.5
2025-06-12 17:53:32,866 INFO o.a.j.JMeter: user.dir  =/bzt
2025-06-12 17:53:32,867 INFO o.a.j.JMeter: PWD       =/bzt
2025-06-12 17:53:32,867 INFO o.a.j.JMeter: IP: 172.19.0.3 Name: f88d4c1c97a7 FullName: f88d4c1c97a7
2025-06-12 17:53:32,868 INFO o.a.j.JMeter: user.classpath=/bzt/results:/bzt
2025-06-12 17:53:32,868 INFO o.a.j.JMeter: Adding to classpath and loader: /bzt/results
2025-06-12 17:53:32,870 INFO o.a.j.JMeter: Adding to classpath and loader: /bzt
2025-06-12 17:53:32,882 INFO o.a.j.s.FileServer: Default base='/bzt'
2025-06-12 17:53:32,883 INFO o.a.j.s.FileServer: Set new base='/bzt'
2025-06-12 17:53:33,126 INFO o.a.j.s.SaveService: Testplan (JMX) version: 2.2. Testlog (JTL) version: 2.2
2025-06-12 17:53:33,235 INFO o.a.j.s.SaveService: Using SaveService properties version 5.0
2025-06-12 17:53:33,239 INFO o.a.j.s.SaveService: Using SaveService properties file encoding UTF-8
2025-06-12 17:53:33,241 INFO o.a.j.s.SaveService: Loading file: /bzt/modified_test-plan-4.jmx
2025-06-12 17:53:33,315 INFO o.a.j.p.h.s.HTTPSamplerBase: Parser for text/html is org.apache.jmeter.protocol.http.parser.LagartoBasedHtmlParser
2025-06-12 17:53:33,315 INFO o.a.j.p.h.s.HTTPSamplerBase: Parser for application/xhtml+xml is org.apache.jmeter.protocol.http.parser.LagartoBasedHtmlParser
2025-06-12 17:53:33,316 INFO o.a.j.p.h.s.HTTPSamplerBase: Parser for application/xml is org.apache.jmeter.protocol.http.parser.LagartoBasedHtmlParser
2025-06-12 17:53:33,316 INFO o.a.j.p.h.s.HTTPSamplerBase: Parser for text/xml is org.apache.jmeter.protocol.http.parser.LagartoBasedHtmlParser
2025-06-12 17:53:33,316 INFO o.a.j.p.h.s.HTTPSamplerBase: Parser for text/vnd.wap.wml is org.apache.jmeter.protocol.http.parser.RegexpHTMLParser
2025-06-12 17:53:33,316 INFO o.a.j.p.h.s.HTTPSamplerBase: Parser for text/css is org.apache.jmeter.protocol.http.parser.CssParser
2025-06-12 17:53:33,361 INFO o.a.j.e.StandardJMeterEngine: Running the test!
2025-06-12 17:53:33,370 INFO o.a.j.s.SampleEvent: List of sample_variables: []
2025-06-12 17:53:33,370 INFO o.a.j.s.SampleEvent: List of sample_variables: []
2025-06-12 17:53:33,386 INFO o.a.j.e.u.CompoundVariable: Note: Function class names must contain the string: '.functions.'
2025-06-12 17:53:33,387 INFO o.a.j.e.u.CompoundVariable: Note: Function class names must not contain the string: '.gui.'
2025-06-12 17:53:33,763 INFO o.a.j.JMeter: Running test (1749750813763)
2025-06-12 17:53:33,814 INFO o.a.j.e.StandardJMeterEngine: Starting ThreadGroup: 1 : Thread Group
2025-06-12 17:53:33,815 INFO o.a.j.e.StandardJMeterEngine: Starting 20 threads for group Thread Group.
2025-06-12 17:53:33,815 INFO o.a.j.e.StandardJMeterEngine: Thread will continue on error
2025-06-12 17:53:33,816 INFO o.a.j.t.ThreadGroup: Starting thread group... number=1 threads=20 ramp-up=30 delayedStart=false
2025-06-12 17:53:33,854 INFO o.a.j.t.JMeterThread: Thread started: Thread Group 1-1
2025-06-12 17:53:33,876 INFO o.a.j.t.ThreadGroup: Started thread group number 1
2025-06-12 17:53:33,877 INFO o.a.j.e.StandardJMeterEngine: All thread groups have been started
2025-06-12 17:53:33,896 INFO o.a.j.p.h.s.HTTPHCAbstractImpl: Local host = f88d4c1c97a7
2025-06-12 17:53:33,902 INFO o.a.j.p.h.s.HTTPHC4Impl: HTTP request retry count = 0
2025-06-12 17:53:33,904 INFO o.a.j.s.SampleResult: Note: Sample TimeStamps are START times
2025-06-12 17:53:33,904 INFO o.a.j.s.SampleResult: sampleresult.default.encoding is set to UTF-8
2025-06-12 17:53:33,904 INFO o.a.j.s.SampleResult: sampleresult.useNanoTime=true
2025-06-12 17:53:33,904 INFO o.a.j.s.SampleResult: sampleresult.nanoThreadSleep=5000
2025-06-12 17:53:35,341 INFO o.a.j.t.JMeterThread: Thread started: Thread Group 1-2
2025-06-12 17:53:36,828 INFO o.a.j.t.JMeterThread: Thread started: Thread Group 1-3
2025-06-12 17:53:38,324 INFO o.a.j.t.JMeterThread: Thread started: Thread Group 1-4
2025-06-12 17:53:39,830 INFO o.a.j.t.JMeterThread: Thread started: Thread Group 1-5
2025-06-12 17:53:41,345 INFO o.a.j.t.JMeterThread: Thread started: Thread Group 1-6
2025-06-12 17:53:42,823 INFO o.a.j.t.JMeterThread: Thread started: Thread Group 1-7
2025-06-12 17:53:44,340 INFO o.a.j.t.JMeterThread: Thread started: Thread Group 1-8
2025-06-12 17:53:45,825 INFO o.a.j.t.JMeterThread: Thread started: Thread Group 1-9
2025-06-12 17:53:47,324 INFO o.a.j.t.JMeterThread: Thread started: Thread Group 1-10
2025-06-12 17:53:48,822 INFO o.a.j.t.JMeterThread: Thread started: Thread Group 1-11
2025-06-12 17:53:50,327 INFO o.a.j.t.JMeterThread: Thread started: Thread Group 1-12
2025-06-12 17:53:51,827 INFO o.a.j.t.JMeterThread: Thread started: Thread Group 1-13
2025-06-12 17:53:53,323 INFO o.a.j.t.JMeterThread: Thread started: Thread Group 1-14
2025-06-12 17:53:54,820 INFO o.a.j.t.JMeterThread: Thread started: Thread Group 1-15
2025-06-12 17:53:56,327 INFO o.a.j.t.JMeterThread: Thread started: Thread Group 1-16
2025-06-12 17:53:57,824 INFO o.a.j.t.JMeterThread: Thread started: Thread Group 1-17
2025-06-12 17:53:59,317 INFO o.a.j.t.JMeterThread: Thread started: Thread Group 1-18
2025-06-12 17:54:00,818 INFO o.a.j.t.JMeterThread: Thread started: Thread Group 1-19
2025-06-12 17:54:02,324 INFO o.a.j.t.JMeterThread: Thread started: Thread Group 1-20
