2025-06-12 19:50:23,039 INFO o.a.j.u.JMeterUtils: Setting Locale to en_US
2025-06-12 19:50:23,065 INFO o.a.j.JMeter: Loading user properties from: /root/.bzt/jmeter-taurus/5.5/bin/user.properties
2025-06-12 19:50:23,066 INFO o.a.j.JMeter: Loading system properties from: /root/.bzt/jmeter-taurus/5.5/bin/system.properties
2025-06-12 19:50:23,066 INFO o.a.j.JMeter: Loading additional properties from: /bzt/results/jmeter-bzt-16.properties
2025-06-12 19:50:23,074 INFO o.a.j.JMeter: Copyright (c) 1998-2022 The Apache Software Foundation
2025-06-12 19:50:23,074 INFO o.a.j.JMeter: Version 5.5
2025-06-12 19:50:23,075 INFO o.a.j.JMeter: java.version=11.0.27
2025-06-12 19:50:23,075 INFO o.a.j.JMeter: java.vm.name=OpenJDK 64-Bit Server VM
2025-06-12 19:50:23,075 INFO o.a.j.JMeter: os.name=Linux
2025-06-12 19:50:23,075 INFO o.a.j.JMeter: os.arch=amd64
2025-06-12 19:50:23,075 INFO o.a.j.JMeter: os.version=6.10.14-linuxkit
2025-06-12 19:50:23,075 INFO o.a.j.JMeter: file.encoding=UTF-8
2025-06-12 19:50:23,075 INFO o.a.j.JMeter: java.awt.headless=true
2025-06-12 19:50:23,075 INFO o.a.j.JMeter: Max memory     =2082471936
2025-06-12 19:50:23,075 INFO o.a.j.JMeter: Available Processors =8
2025-06-12 19:50:23,080 INFO o.a.j.JMeter: Default Locale=English (United States)
2025-06-12 19:50:23,081 INFO o.a.j.JMeter: JMeter  Locale=English (United States)
2025-06-12 19:50:23,081 INFO o.a.j.JMeter: JMeterHome=/root/.bzt/jmeter-taurus/5.5
2025-06-12 19:50:23,081 INFO o.a.j.JMeter: user.dir  =/bzt
2025-06-12 19:50:23,081 INFO o.a.j.JMeter: PWD       =/bzt
2025-06-12 19:50:23,082 INFO o.a.j.JMeter: IP: 172.19.0.3 Name: f88d4c1c97a7 FullName: f88d4c1c97a7
2025-06-12 19:50:23,082 INFO o.a.j.JMeter: user.classpath=/bzt/results:/bzt
2025-06-12 19:50:23,082 INFO o.a.j.JMeter: Adding to classpath and loader: /bzt/results
2025-06-12 19:50:23,085 INFO o.a.j.JMeter: Adding to classpath and loader: /bzt
2025-06-12 19:50:23,098 INFO o.a.j.s.FileServer: Default base='/bzt'
2025-06-12 19:50:23,099 INFO o.a.j.s.FileServer: Set new base='/bzt'
2025-06-12 19:50:23,382 INFO o.a.j.s.SaveService: Testplan (JMX) version: 2.2. Testlog (JTL) version: 2.2
2025-06-12 19:50:23,549 INFO o.a.j.s.SaveService: Using SaveService properties version 5.0
2025-06-12 19:50:23,552 INFO o.a.j.s.SaveService: Using SaveService properties file encoding UTF-8
2025-06-12 19:50:23,555 INFO o.a.j.s.SaveService: Loading file: /bzt/modified_test-plan-5.jmx
2025-06-12 19:50:23,623 INFO o.a.j.p.h.s.HTTPSamplerBase: Parser for text/html is org.apache.jmeter.protocol.http.parser.LagartoBasedHtmlParser
2025-06-12 19:50:23,624 INFO o.a.j.p.h.s.HTTPSamplerBase: Parser for application/xhtml+xml is org.apache.jmeter.protocol.http.parser.LagartoBasedHtmlParser
2025-06-12 19:50:23,624 INFO o.a.j.p.h.s.HTTPSamplerBase: Parser for application/xml is org.apache.jmeter.protocol.http.parser.LagartoBasedHtmlParser
2025-06-12 19:50:23,624 INFO o.a.j.p.h.s.HTTPSamplerBase: Parser for text/xml is org.apache.jmeter.protocol.http.parser.LagartoBasedHtmlParser
2025-06-12 19:50:23,624 INFO o.a.j.p.h.s.HTTPSamplerBase: Parser for text/vnd.wap.wml is org.apache.jmeter.protocol.http.parser.RegexpHTMLParser
2025-06-12 19:50:23,624 INFO o.a.j.p.h.s.HTTPSamplerBase: Parser for text/css is org.apache.jmeter.protocol.http.parser.CssParser
2025-06-12 19:50:23,670 INFO o.a.j.e.StandardJMeterEngine: Running the test!
2025-06-12 19:50:23,682 INFO o.a.j.s.SampleEvent: List of sample_variables: []
2025-06-12 19:50:23,683 INFO o.a.j.s.SampleEvent: List of sample_variables: []
2025-06-12 19:50:23,703 INFO o.a.j.e.u.CompoundVariable: Note: Function class names must contain the string: '.functions.'
2025-06-12 19:50:23,703 INFO o.a.j.e.u.CompoundVariable: Note: Function class names must not contain the string: '.gui.'
2025-06-12 19:50:24,092 INFO o.a.j.JMeter: Running test (1749757824092)
2025-06-12 19:50:24,141 INFO o.a.j.e.StandardJMeterEngine: Starting ThreadGroup: 1 : Thread Group
2025-06-12 19:50:24,143 INFO o.a.j.e.StandardJMeterEngine: Starting 20 threads for group Thread Group.
2025-06-12 19:50:24,143 INFO o.a.j.e.StandardJMeterEngine: Thread will continue on error
2025-06-12 19:50:24,143 INFO o.a.j.t.ThreadGroup: Starting thread group... number=1 threads=20 ramp-up=30 delayedStart=false
2025-06-12 19:50:24,176 INFO o.a.j.t.JMeterThread: Thread started: Thread Group 1-1
2025-06-12 19:50:24,210 INFO o.a.j.t.ThreadGroup: Started thread group number 1
2025-06-12 19:50:24,210 INFO o.a.j.e.StandardJMeterEngine: All thread groups have been started
2025-06-12 19:50:24,225 INFO o.a.j.p.h.s.HTTPHCAbstractImpl: Local host = f88d4c1c97a7
2025-06-12 19:50:24,232 INFO o.a.j.p.h.s.HTTPHC4Impl: HTTP request retry count = 0
2025-06-12 19:50:24,233 INFO o.a.j.s.SampleResult: Note: Sample TimeStamps are START times
2025-06-12 19:50:24,233 INFO o.a.j.s.SampleResult: sampleresult.default.encoding is set to UTF-8
2025-06-12 19:50:24,233 INFO o.a.j.s.SampleResult: sampleresult.useNanoTime=true
2025-06-12 19:50:24,233 INFO o.a.j.s.SampleResult: sampleresult.nanoThreadSleep=5000
2025-06-12 19:50:25,665 INFO o.a.j.t.JMeterThread: Thread started: Thread Group 1-2
2025-06-12 19:50:27,151 INFO o.a.j.t.JMeterThread: Thread started: Thread Group 1-3
2025-06-12 19:50:28,652 INFO o.a.j.t.JMeterThread: Thread started: Thread Group 1-4
2025-06-12 19:50:30,151 INFO o.a.j.t.JMeterThread: Thread started: Thread Group 1-5
2025-06-12 19:50:31,652 INFO o.a.j.t.JMeterThread: Thread started: Thread Group 1-6
2025-06-12 19:50:33,162 INFO o.a.j.t.JMeterThread: Thread started: Thread Group 1-7
2025-06-12 19:50:34,653 INFO o.a.j.t.JMeterThread: Thread started: Thread Group 1-8
2025-06-12 19:50:36,157 INFO o.a.j.t.JMeterThread: Thread started: Thread Group 1-9
2025-06-12 19:50:37,661 INFO o.a.j.t.JMeterThread: Thread started: Thread Group 1-10
2025-06-12 19:50:39,152 INFO o.a.j.t.JMeterThread: Thread started: Thread Group 1-11
2025-06-12 19:50:40,653 INFO o.a.j.t.JMeterThread: Thread started: Thread Group 1-12
2025-06-12 19:50:42,148 INFO o.a.j.t.JMeterThread: Thread started: Thread Group 1-13
2025-06-12 19:50:43,653 INFO o.a.j.t.JMeterThread: Thread started: Thread Group 1-14
2025-06-12 19:50:45,149 INFO o.a.j.t.JMeterThread: Thread started: Thread Group 1-15
2025-06-12 19:50:46,654 INFO o.a.j.t.JMeterThread: Thread started: Thread Group 1-16
2025-06-12 19:50:48,150 INFO o.a.j.t.JMeterThread: Thread started: Thread Group 1-17
2025-06-12 19:50:49,646 INFO o.a.j.t.JMeterThread: Thread started: Thread Group 1-18
2025-06-12 19:50:51,148 INFO o.a.j.t.JMeterThread: Thread started: Thread Group 1-19
2025-06-12 19:50:52,650 INFO o.a.j.t.JMeterThread: Thread started: Thread Group 1-20
