2025-06-09 22:14:31,403 INFO o.a.j.u.JMeterUtils: Setting Locale to en_US
2025-06-09 22:14:31,441 INFO o.a.j.JMeter: Loading user properties from: /root/.bzt/jmeter-taurus/5.5/bin/user.properties
2025-06-09 22:14:31,443 INFO o.a.j.JMeter: Loading system properties from: /root/.bzt/jmeter-taurus/5.5/bin/system.properties
2025-06-09 22:14:31,444 INFO o.a.j.JMeter: Loading additional properties from: /bzt/results/jmeter-bzt-10.properties
2025-06-09 22:14:31,457 INFO o.a.j.JMeter: Copyright (c) 1998-2022 The Apache Software Foundation
2025-06-09 22:14:31,457 INFO o.a.j.JMeter: Version 5.5
2025-06-09 22:14:31,458 INFO o.a.j.JMeter: java.version=11.0.27
2025-06-09 22:14:31,458 INFO o.a.j.JMeter: java.vm.name=OpenJDK 64-Bit Server VM
2025-06-09 22:14:31,458 INFO o.a.j.JMeter: os.name=Linux
2025-06-09 22:14:31,458 INFO o.a.j.JMeter: os.arch=amd64
2025-06-09 22:14:31,458 INFO o.a.j.JMeter: os.version=6.10.14-linuxkit
2025-06-09 22:14:31,458 INFO o.a.j.JMeter: file.encoding=UTF-8
2025-06-09 22:14:31,458 INFO o.a.j.JMeter: java.awt.headless=true
2025-06-09 22:14:31,458 INFO o.a.j.JMeter: Max memory     =2082471936
2025-06-09 22:14:31,459 INFO o.a.j.JMeter: Available Processors =8
2025-06-09 22:14:31,466 INFO o.a.j.JMeter: Default Locale=English (United States)
2025-06-09 22:14:31,466 INFO o.a.j.JMeter: JMeter  Locale=English (United States)
2025-06-09 22:14:31,466 INFO o.a.j.JMeter: JMeterHome=/root/.bzt/jmeter-taurus/5.5
2025-06-09 22:14:31,466 INFO o.a.j.JMeter: user.dir  =/bzt
2025-06-09 22:14:31,466 INFO o.a.j.JMeter: PWD       =/bzt
2025-06-09 22:14:31,468 INFO o.a.j.JMeter: IP: 172.19.0.3 Name: f88d4c1c97a7 FullName: f88d4c1c97a7
2025-06-09 22:14:31,468 INFO o.a.j.JMeter: user.classpath=/bzt/results:/bzt
2025-06-09 22:14:31,468 INFO o.a.j.JMeter: Adding to classpath and loader: /bzt/results
2025-06-09 22:14:31,471 INFO o.a.j.JMeter: Adding to classpath and loader: /bzt
2025-06-09 22:14:31,526 INFO o.a.j.s.FileServer: Default base='/bzt'
2025-06-09 22:14:31,532 INFO o.a.j.s.FileServer: Set new base='/bzt'
2025-06-09 22:14:32,193 INFO o.a.j.s.SaveService: Testplan (JMX) version: 2.2. Testlog (JTL) version: 2.2
2025-06-09 22:14:32,496 INFO o.a.j.s.SaveService: Using SaveService properties version 5.0
2025-06-09 22:14:32,503 INFO o.a.j.s.SaveService: Using SaveService properties file encoding UTF-8
2025-06-09 22:14:32,517 INFO o.a.j.s.SaveService: Loading file: /bzt/modified_test-plan-2.jmx
2025-06-09 22:14:32,775 INFO o.a.j.p.h.s.HTTPSamplerBase: Parser for text/html is org.apache.jmeter.protocol.http.parser.LagartoBasedHtmlParser
2025-06-09 22:14:32,775 INFO o.a.j.p.h.s.HTTPSamplerBase: Parser for application/xhtml+xml is org.apache.jmeter.protocol.http.parser.LagartoBasedHtmlParser
2025-06-09 22:14:32,776 INFO o.a.j.p.h.s.HTTPSamplerBase: Parser for application/xml is org.apache.jmeter.protocol.http.parser.LagartoBasedHtmlParser
2025-06-09 22:14:32,776 INFO o.a.j.p.h.s.HTTPSamplerBase: Parser for text/xml is org.apache.jmeter.protocol.http.parser.LagartoBasedHtmlParser
2025-06-09 22:14:32,776 INFO o.a.j.p.h.s.HTTPSamplerBase: Parser for text/vnd.wap.wml is org.apache.jmeter.protocol.http.parser.RegexpHTMLParser
2025-06-09 22:14:32,776 INFO o.a.j.p.h.s.HTTPSamplerBase: Parser for text/css is org.apache.jmeter.protocol.http.parser.CssParser
2025-06-09 22:14:32,873 INFO o.a.j.e.StandardJMeterEngine: Running the test!
2025-06-09 22:14:32,890 INFO o.a.j.s.SampleEvent: List of sample_variables: []
2025-06-09 22:14:32,890 INFO o.a.j.s.SampleEvent: List of sample_variables: []
2025-06-09 22:14:32,945 INFO o.a.j.e.u.CompoundVariable: Note: Function class names must contain the string: '.functions.'
2025-06-09 22:14:32,946 INFO o.a.j.e.u.CompoundVariable: Note: Function class names must not contain the string: '.gui.'
2025-06-09 22:14:33,797 INFO o.a.j.JMeter: Running test (1749507273796)
2025-06-09 22:14:33,913 INFO o.a.j.e.StandardJMeterEngine: Starting ThreadGroup: 1 : Thread Group
2025-06-09 22:14:33,915 INFO o.a.j.e.StandardJMeterEngine: Starting 50 threads for group Thread Group.
2025-06-09 22:14:33,916 INFO o.a.j.e.StandardJMeterEngine: Thread will continue on error
2025-06-09 22:14:33,916 INFO o.a.j.t.ThreadGroup: Starting thread group... number=1 threads=50 ramp-up=30 delayedStart=false
2025-06-09 22:14:33,956 INFO o.a.j.t.JMeterThread: Thread started: Thread Group 1-1
2025-06-09 22:14:34,041 INFO o.a.j.t.ThreadGroup: Started thread group number 1
2025-06-09 22:14:34,041 INFO o.a.j.e.StandardJMeterEngine: All thread groups have been started
2025-06-09 22:14:34,066 INFO o.a.j.p.h.s.HTTPHCAbstractImpl: Local host = f88d4c1c97a7
2025-06-09 22:14:34,087 INFO o.a.j.p.h.s.HTTPHC4Impl: HTTP request retry count = 0
2025-06-09 22:14:34,091 INFO o.a.j.s.SampleResult: Note: Sample TimeStamps are START times
2025-06-09 22:14:34,092 INFO o.a.j.s.SampleResult: sampleresult.default.encoding is set to UTF-8
2025-06-09 22:14:34,092 INFO o.a.j.s.SampleResult: sampleresult.useNanoTime=true
2025-06-09 22:14:34,092 INFO o.a.j.s.SampleResult: sampleresult.nanoThreadSleep=5000
2025-06-09 22:14:34,533 INFO o.a.j.t.JMeterThread: Thread started: Thread Group 1-2
2025-06-09 22:14:35,127 INFO o.a.j.t.JMeterThread: Thread started: Thread Group 1-3
2025-06-09 22:14:35,727 INFO o.a.j.t.JMeterThread: Thread started: Thread Group 1-4
2025-06-09 22:14:36,395 INFO o.a.j.t.JMeterThread: Thread started: Thread Group 1-5
2025-06-09 22:14:36,934 INFO o.a.j.t.JMeterThread: Thread started: Thread Group 1-6
2025-06-09 22:14:37,538 INFO o.a.j.t.JMeterThread: Thread started: Thread Group 1-7
2025-06-09 22:14:38,131 INFO o.a.j.t.JMeterThread: Thread started: Thread Group 1-8
2025-06-09 22:14:38,731 INFO o.a.j.t.JMeterThread: Thread started: Thread Group 1-9
2025-06-09 22:14:39,332 INFO o.a.j.t.JMeterThread: Thread started: Thread Group 1-10
2025-06-09 22:14:39,950 INFO o.a.j.t.JMeterThread: Thread started: Thread Group 1-11
2025-06-09 22:14:40,556 INFO o.a.j.t.JMeterThread: Thread started: Thread Group 1-12
2025-06-09 22:14:41,130 INFO o.a.j.t.JMeterThread: Thread started: Thread Group 1-13
2025-06-09 22:14:41,755 INFO o.a.j.t.JMeterThread: Thread started: Thread Group 1-14
2025-06-09 22:14:42,384 INFO o.a.j.t.JMeterThread: Thread started: Thread Group 1-15
2025-06-09 22:14:43,180 INFO o.a.j.t.JMeterThread: Thread started: Thread Group 1-16
2025-06-09 22:14:43,604 INFO o.a.j.t.JMeterThread: Thread started: Thread Group 1-17
2025-06-09 22:14:44,939 INFO o.a.j.t.JMeterThread: Thread started: Thread Group 1-19
2025-06-09 22:14:44,939 INFO o.a.j.t.JMeterThread: Thread started: Thread Group 1-18
2025-06-09 22:14:45,349 INFO o.a.j.t.JMeterThread: Thread started: Thread Group 1-20
2025-06-09 22:14:45,955 INFO o.a.j.t.JMeterThread: Thread started: Thread Group 1-21
2025-06-09 22:14:46,557 INFO o.a.j.t.JMeterThread: Thread started: Thread Group 1-22
2025-06-09 22:14:47,203 INFO o.a.j.t.JMeterThread: Thread started: Thread Group 1-23
2025-06-09 22:14:49,264 INFO o.a.j.t.JMeterThread: Thread started: Thread Group 1-25
2025-06-09 22:14:49,264 INFO o.a.j.t.JMeterThread: Thread started: Thread Group 1-26
2025-06-09 22:14:47,845 INFO o.a.j.t.JMeterThread: Thread started: Thread Group 1-24
2025-06-09 22:14:49,633 INFO o.a.j.t.JMeterThread: Thread started: Thread Group 1-27
2025-06-09 22:14:50,182 INFO o.a.j.t.JMeterThread: Thread started: Thread Group 1-28
2025-06-09 22:14:50,732 INFO o.a.j.t.JMeterThread: Thread started: Thread Group 1-29
2025-06-09 22:14:51,336 INFO o.a.j.t.JMeterThread: Thread started: Thread Group 1-30
2025-06-09 22:14:51,924 INFO o.a.j.t.JMeterThread: Thread started: Thread Group 1-31
2025-06-09 22:14:52,634 INFO o.a.j.t.JMeterThread: Thread started: Thread Group 1-32
2025-06-09 22:14:53,211 INFO o.a.j.t.JMeterThread: Thread started: Thread Group 1-33
2025-06-09 22:14:53,771 INFO o.a.j.t.JMeterThread: Thread started: Thread Group 1-34
2025-06-09 22:14:54,358 INFO o.a.j.t.JMeterThread: Thread started: Thread Group 1-35
2025-06-09 22:14:55,069 INFO o.a.j.t.JMeterThread: Thread started: Thread Group 1-36
2025-06-09 22:14:55,673 INFO o.a.j.t.JMeterThread: Thread started: Thread Group 1-37
2025-06-09 22:14:56,169 INFO o.a.j.t.JMeterThread: Thread started: Thread Group 1-38
2025-06-09 22:14:56,807 INFO o.a.j.t.JMeterThread: Thread started: Thread Group 1-39
2025-06-09 22:14:57,320 INFO o.a.j.t.JMeterThread: Thread started: Thread Group 1-40
2025-06-09 22:14:58,527 INFO o.a.j.t.JMeterThread: Thread started: Thread Group 1-42
2025-06-09 22:14:57,933 INFO o.a.j.t.JMeterThread: Thread started: Thread Group 1-41
2025-06-09 22:14:59,159 INFO o.a.j.t.JMeterThread: Thread started: Thread Group 1-43
2025-06-09 22:14:59,754 INFO o.a.j.t.JMeterThread: Thread started: Thread Group 1-44
2025-06-09 22:15:00,346 INFO o.a.j.t.JMeterThread: Thread started: Thread Group 1-45
2025-06-09 22:15:01,194 INFO o.a.j.t.JMeterThread: Thread started: Thread Group 1-46
2025-06-09 22:15:01,601 INFO o.a.j.t.JMeterThread: Thread started: Thread Group 1-47
2025-06-09 22:15:02,202 INFO o.a.j.t.JMeterThread: Thread started: Thread Group 1-48
2025-06-09 22:15:02,849 INFO o.a.j.t.JMeterThread: Thread started: Thread Group 1-49
2025-06-09 22:15:03,340 INFO o.a.j.t.JMeterThread: Thread started: Thread Group 1-50
