2025-06-05 20:35:26,553 INFO o.a.j.u.JMeterUtils: Setting Locale to en_US
2025-06-05 20:35:26,584 INFO o.a.j.JMeter: Loading user properties from: /root/.bzt/jmeter-taurus/5.5/bin/user.properties
2025-06-05 20:35:26,585 INFO o.a.j.JMeter: Loading system properties from: /root/.bzt/jmeter-taurus/5.5/bin/system.properties
2025-06-05 20:35:26,587 INFO o.a.j.JMeter: Loading additional properties from: /bzt/results/jmeter-bzt-6.properties
2025-06-05 20:35:26,599 INFO o.a.j.JMeter: Copyright (c) 1998-2022 The Apache Software Foundation
2025-06-05 20:35:26,599 INFO o.a.j.JMeter: Version 5.5
2025-06-05 20:35:26,599 INFO o.a.j.JMeter: java.version=11.0.27
2025-06-05 20:35:26,599 INFO o.a.j.JMeter: java.vm.name=OpenJDK 64-Bit Server VM
2025-06-05 20:35:26,599 INFO o.a.j.JMeter: os.name=Linux
2025-06-05 20:35:26,599 INFO o.a.j.JMeter: os.arch=amd64
2025-06-05 20:35:26,599 INFO o.a.j.JMeter: os.version=6.10.14-linuxkit
2025-06-05 20:35:26,599 INFO o.a.j.JMeter: file.encoding=UTF-8
2025-06-05 20:35:26,600 INFO o.a.j.JMeter: java.awt.headless=true
2025-06-05 20:35:26,600 INFO o.a.j.JMeter: Max memory     =2082471936
2025-06-05 20:35:26,600 INFO o.a.j.JMeter: Available Processors =8
2025-06-05 20:35:26,607 INFO o.a.j.JMeter: Default Locale=English (United States)
2025-06-05 20:35:26,607 INFO o.a.j.JMeter: JMeter  Locale=English (United States)
2025-06-05 20:35:26,607 INFO o.a.j.JMeter: JMeterHome=/root/.bzt/jmeter-taurus/5.5
2025-06-05 20:35:26,607 INFO o.a.j.JMeter: user.dir  =/bzt
2025-06-05 20:35:26,608 INFO o.a.j.JMeter: PWD       =/bzt
2025-06-05 20:35:26,608 INFO o.a.j.JMeter: IP: 172.19.0.3 Name: f88d4c1c97a7 FullName: f88d4c1c97a7
2025-06-05 20:35:26,609 INFO o.a.j.JMeter: user.classpath=/bzt/results:/bzt
2025-06-05 20:35:26,609 INFO o.a.j.JMeter: Adding to classpath and loader: /bzt/results
2025-06-05 20:35:26,612 INFO o.a.j.JMeter: Adding to classpath and loader: /bzt
2025-06-05 20:35:26,630 INFO o.a.j.s.FileServer: Default base='/bzt'
2025-06-05 20:35:26,632 INFO o.a.j.s.FileServer: Set new base='/bzt'
2025-06-05 20:35:27,054 INFO o.a.j.s.SaveService: Testplan (JMX) version: 2.2. Testlog (JTL) version: 2.2
2025-06-05 20:35:27,288 INFO o.a.j.s.SaveService: Using SaveService properties version 5.0
2025-06-05 20:35:27,297 INFO o.a.j.s.SaveService: Using SaveService properties file encoding UTF-8
2025-06-05 20:35:27,300 INFO o.a.j.s.SaveService: Loading file: /bzt/modified_test-plan-4.jmx
2025-06-05 20:35:27,397 INFO o.a.j.p.h.s.HTTPSamplerBase: Parser for text/html is org.apache.jmeter.protocol.http.parser.LagartoBasedHtmlParser
2025-06-05 20:35:27,397 INFO o.a.j.p.h.s.HTTPSamplerBase: Parser for application/xhtml+xml is org.apache.jmeter.protocol.http.parser.LagartoBasedHtmlParser
2025-06-05 20:35:27,397 INFO o.a.j.p.h.s.HTTPSamplerBase: Parser for application/xml is org.apache.jmeter.protocol.http.parser.LagartoBasedHtmlParser
2025-06-05 20:35:27,397 INFO o.a.j.p.h.s.HTTPSamplerBase: Parser for text/xml is org.apache.jmeter.protocol.http.parser.LagartoBasedHtmlParser
2025-06-05 20:35:27,398 INFO o.a.j.p.h.s.HTTPSamplerBase: Parser for text/vnd.wap.wml is org.apache.jmeter.protocol.http.parser.RegexpHTMLParser
2025-06-05 20:35:27,398 INFO o.a.j.p.h.s.HTTPSamplerBase: Parser for text/css is org.apache.jmeter.protocol.http.parser.CssParser
2025-06-05 20:35:27,452 INFO o.a.j.e.StandardJMeterEngine: Running the test!
2025-06-05 20:35:27,465 INFO o.a.j.s.SampleEvent: List of sample_variables: []
2025-06-05 20:35:27,465 INFO o.a.j.s.SampleEvent: List of sample_variables: []
2025-06-05 20:35:27,479 INFO o.a.j.e.u.CompoundVariable: Note: Function class names must contain the string: '.functions.'
2025-06-05 20:35:27,480 INFO o.a.j.e.u.CompoundVariable: Note: Function class names must not contain the string: '.gui.'
2025-06-05 20:35:28,015 INFO o.a.j.JMeter: Running test (1749155728015)
2025-06-05 20:35:28,151 INFO o.a.j.e.StandardJMeterEngine: Starting ThreadGroup: 1 : Thread Group
2025-06-05 20:35:28,157 INFO o.a.j.e.StandardJMeterEngine: Starting 50 threads for group Thread Group.
2025-06-05 20:35:28,159 INFO o.a.j.e.StandardJMeterEngine: Thread will continue on error
2025-06-05 20:35:28,161 INFO o.a.j.t.ThreadGroup: Starting thread group... number=1 threads=50 ramp-up=30 delayedStart=false
2025-06-05 20:35:28,194 INFO o.a.j.t.JMeterThread: Thread started: Thread Group 1-1
2025-06-05 20:35:28,335 INFO o.a.j.p.h.s.HTTPHCAbstractImpl: Local host = f88d4c1c97a7
2025-06-05 20:35:28,360 INFO o.a.j.p.h.s.HTTPHC4Impl: HTTP request retry count = 0
2025-06-05 20:35:28,364 INFO o.a.j.s.SampleResult: Note: Sample TimeStamps are START times
2025-06-05 20:35:28,366 INFO o.a.j.s.SampleResult: sampleresult.default.encoding is set to UTF-8
2025-06-05 20:35:28,370 INFO o.a.j.s.SampleResult: sampleresult.useNanoTime=true
2025-06-05 20:35:28,370 INFO o.a.j.s.SampleResult: sampleresult.nanoThreadSleep=5000
2025-06-05 20:35:28,412 INFO o.a.j.t.ThreadGroup: Started thread group number 1
2025-06-05 20:35:28,414 INFO o.a.j.e.StandardJMeterEngine: All thread groups have been started
2025-06-05 20:35:28,785 INFO o.a.j.t.JMeterThread: Thread started: Thread Group 1-2
2025-06-05 20:35:29,374 INFO o.a.j.t.JMeterThread: Thread started: Thread Group 1-3
2025-06-05 20:35:29,970 INFO o.a.j.t.JMeterThread: Thread started: Thread Group 1-4
2025-06-05 20:35:30,575 INFO o.a.j.t.JMeterThread: Thread started: Thread Group 1-5
2025-06-05 20:35:31,174 INFO o.a.j.t.JMeterThread: Thread started: Thread Group 1-6
2025-06-05 20:35:31,779 INFO o.a.j.t.JMeterThread: Thread started: Thread Group 1-7
2025-06-05 20:35:32,381 INFO o.a.j.t.JMeterThread: Thread started: Thread Group 1-8
2025-06-05 20:35:32,981 INFO o.a.j.t.JMeterThread: Thread started: Thread Group 1-9
2025-06-05 20:35:33,570 INFO o.a.j.t.JMeterThread: Thread started: Thread Group 1-10
2025-06-05 20:35:34,171 INFO o.a.j.t.JMeterThread: Thread started: Thread Group 1-11
2025-06-05 20:35:34,775 INFO o.a.j.t.JMeterThread: Thread started: Thread Group 1-12
2025-06-05 20:35:35,388 INFO o.a.j.t.JMeterThread: Thread started: Thread Group 1-13
2025-06-05 20:35:36,097 INFO o.a.j.t.JMeterThread: Thread started: Thread Group 1-14
2025-06-05 20:35:36,575 INFO o.a.j.t.JMeterThread: Thread started: Thread Group 1-15
2025-06-05 20:35:37,177 INFO o.a.j.t.JMeterThread: Thread started: Thread Group 1-16
2025-06-05 20:35:37,784 INFO o.a.j.t.JMeterThread: Thread started: Thread Group 1-17
2025-06-05 20:35:38,373 INFO o.a.j.t.JMeterThread: Thread started: Thread Group 1-18
2025-06-05 20:35:38,977 INFO o.a.j.t.JMeterThread: Thread started: Thread Group 1-19
2025-06-05 20:35:39,582 INFO o.a.j.t.JMeterThread: Thread started: Thread Group 1-20
2025-06-05 20:35:40,170 INFO o.a.j.t.JMeterThread: Thread started: Thread Group 1-21
2025-06-05 20:35:40,812 INFO o.a.j.t.JMeterThread: Thread started: Thread Group 1-22
2025-06-05 20:35:41,385 INFO o.a.j.t.JMeterThread: Thread started: Thread Group 1-23
2025-06-05 20:35:41,981 INFO o.a.j.t.JMeterThread: Thread started: Thread Group 1-24
2025-06-05 20:35:42,571 INFO o.a.j.t.JMeterThread: Thread started: Thread Group 1-25
2025-06-05 20:35:43,186 INFO o.a.j.t.JMeterThread: Thread started: Thread Group 1-26
2025-06-05 20:35:43,785 INFO o.a.j.t.JMeterThread: Thread started: Thread Group 1-27
2025-06-05 20:35:44,396 INFO o.a.j.t.JMeterThread: Thread started: Thread Group 1-28
2025-06-05 20:35:44,991 INFO o.a.j.t.JMeterThread: Thread started: Thread Group 1-29
2025-06-05 20:35:45,576 INFO o.a.j.t.JMeterThread: Thread started: Thread Group 1-30
2025-06-05 20:35:46,175 INFO o.a.j.t.JMeterThread: Thread started: Thread Group 1-31
2025-06-05 20:35:46,779 INFO o.a.j.t.JMeterThread: Thread started: Thread Group 1-32
2025-06-05 20:35:47,392 INFO o.a.j.t.JMeterThread: Thread started: Thread Group 1-33
2025-06-05 20:35:48,009 INFO o.a.j.t.JMeterThread: Thread started: Thread Group 1-34
2025-06-05 20:35:48,572 INFO o.a.j.t.JMeterThread: Thread started: Thread Group 1-35
2025-06-05 20:35:49,171 INFO o.a.j.t.JMeterThread: Thread started: Thread Group 1-36
2025-06-05 20:35:49,785 INFO o.a.j.t.JMeterThread: Thread started: Thread Group 1-37
2025-06-05 20:35:50,375 INFO o.a.j.t.JMeterThread: Thread started: Thread Group 1-38
2025-06-05 20:35:51,008 INFO o.a.j.t.JMeterThread: Thread started: Thread Group 1-39
2025-06-05 20:35:51,579 INFO o.a.j.t.JMeterThread: Thread started: Thread Group 1-40
2025-06-05 20:35:52,179 INFO o.a.j.t.JMeterThread: Thread started: Thread Group 1-41
2025-06-05 20:35:52,772 INFO o.a.j.t.JMeterThread: Thread started: Thread Group 1-42
2025-06-05 20:35:53,372 INFO o.a.j.t.JMeterThread: Thread started: Thread Group 1-43
2025-06-05 20:35:53,977 INFO o.a.j.t.JMeterThread: Thread started: Thread Group 1-44
2025-06-05 20:35:54,574 INFO o.a.j.t.JMeterThread: Thread started: Thread Group 1-45
2025-06-05 20:35:55,979 INFO o.a.j.t.JMeterThread: Thread started: Thread Group 1-46
2025-06-05 20:35:56,174 INFO o.a.j.t.JMeterThread: Thread started: Thread Group 1-47
2025-06-05 20:35:56,773 INFO o.a.j.t.JMeterThread: Thread started: Thread Group 1-48
2025-06-05 20:35:56,985 INFO o.a.j.t.JMeterThread: Thread started: Thread Group 1-49
2025-06-05 20:35:57,606 INFO o.a.j.t.JMeterThread: Thread started: Thread Group 1-50
